ERROR:root:get_media_id_by_tag
Traceback (most recent call last):
  File "C:\Users\ADRIAN\Downloads\instabot.py-master\src\instabot.py", line 359, in get_media_id_by_tag
    all_data = json.loads(r.text)
  File "C:\Users\ADRIAN\AppData\Local\Programs\Python\Python36\lib\json\__init__.py", line 354, in loads
    return _default_decoder.decode(s)
  File "C:\Users\ADRIAN\AppData\Local\Programs\Python\Python36\lib\json\decoder.py", line 339, in decode
    obj, end = self.raw_decode(s, idx=_w(s, 0).end())
  File "C:\Users\ADRIAN\AppData\Local\Programs\Python\Python36\lib\json\decoder.py", line 357, in raw_decode
    raise JSONDecodeError("Expecting value", s, err.value) from None
json.decoder.JSONDecodeError: Expecting value: line 1 column 1 (char 0)
ERROR:root:get_media_id_by_tag
Traceback (most recent call last):
  File "C:\Users\ADRIAN\Downloads\instabot.py-master\src\instabot.py", line 359, in get_media_id_by_tag
    all_data = json.loads(r.text)
  File "C:\Users\ADRIAN\AppData\Local\Programs\Python\Python36\lib\json\__init__.py", line 354, in loads
    return _default_decoder.decode(s)
  File "C:\Users\ADRIAN\AppData\Local\Programs\Python\Python36\lib\json\decoder.py", line 339, in decode
    obj, end = self.raw_decode(s, idx=_w(s, 0).end())
  File "C:\Users\ADRIAN\AppData\Local\Programs\Python\Python36\lib\json\decoder.py", line 357, in raw_decode
    raise JSONDecodeError("Expecting value", s, err.value) from None
json.decoder.JSONDecodeError: Expecting value: line 1 column 1 (char 0)
ERROR:root:get_media_id_by_tag
Traceback (most recent call last):
  File "C:\Users\ADRIAN\Downloads\instabot.py-master\src\instabot.py", line 359, in get_media_id_by_tag
    all_data = json.loads(r.text)
  File "C:\Users\ADRIAN\AppData\Local\Programs\Python\Python36\lib\json\__init__.py", line 354, in loads
    return _default_decoder.decode(s)
  File "C:\Users\ADRIAN\AppData\Local\Programs\Python\Python36\lib\json\decoder.py", line 339, in decode
    obj, end = self.raw_decode(s, idx=_w(s, 0).end())
  File "C:\Users\ADRIAN\AppData\Local\Programs\Python\Python36\lib\json\decoder.py", line 357, in raw_decode
    raise JSONDecodeError("Expecting value", s, err.value) from None
json.decoder.JSONDecodeError: Expecting value: line 1 column 1 (char 0)
ERROR:root:get_media_id_by_tag
Traceback (most recent call last):
  File "C:\Users\ADRIAN\Downloads\instabot.py-master\src\instabot.py", line 359, in get_media_id_by_tag
    all_data = json.loads(r.text)
  File "C:\Users\ADRIAN\AppData\Local\Programs\Python\Python36\lib\json\__init__.py", line 354, in loads
    return _default_decoder.decode(s)
  File "C:\Users\ADRIAN\AppData\Local\Programs\Python\Python36\lib\json\decoder.py", line 339, in decode
    obj, end = self.raw_decode(s, idx=_w(s, 0).end())
  File "C:\Users\ADRIAN\AppData\Local\Programs\Python\Python36\lib\json\decoder.py", line 357, in raw_decode
    raise JSONDecodeError("Expecting value", s, err.value) from None
json.decoder.JSONDecodeError: Expecting value: line 1 column 1 (char 0)
ERROR:root:get_media_id_by_tag
Traceback (most recent call last):
  File "C:\Users\ADRIAN\Downloads\instabot.py-master\src\instabot.py", line 359, in get_media_id_by_tag
    all_data = json.loads(r.text)
  File "C:\Users\ADRIAN\AppData\Local\Programs\Python\Python36\lib\json\__init__.py", line 354, in loads
    return _default_decoder.decode(s)
  File "C:\Users\ADRIAN\AppData\Local\Programs\Python\Python36\lib\json\decoder.py", line 339, in decode
    obj, end = self.raw_decode(s, idx=_w(s, 0).end())
  File "C:\Users\ADRIAN\AppData\Local\Programs\Python\Python36\lib\json\decoder.py", line 357, in raw_decode
    raise JSONDecodeError("Expecting value", s, err.value) from None
json.decoder.JSONDecodeError: Expecting value: line 1 column 1 (char 0)
ERROR:root:get_media_id_by_tag
Traceback (most recent call last):
  File "C:\Users\ADRIAN\Downloads\instabot.py-master\src\instabot.py", line 359, in get_media_id_by_tag
    all_data = json.loads(r.text)
  File "C:\Users\ADRIAN\AppData\Local\Programs\Python\Python36\lib\json\__init__.py", line 354, in loads
    return _default_decoder.decode(s)
  File "C:\Users\ADRIAN\AppData\Local\Programs\Python\Python36\lib\json\decoder.py", line 339, in decode
    obj, end = self.raw_decode(s, idx=_w(s, 0).end())
  File "C:\Users\ADRIAN\AppData\Local\Programs\Python\Python36\lib\json\decoder.py", line 357, in raw_decode
    raise JSONDecodeError("Expecting value", s, err.value) from None
json.decoder.JSONDecodeError: Expecting value: line 1 column 1 (char 0)
ERROR:root:get_media_id_by_tag
Traceback (most recent call last):
  File "C:\Users\ADRIAN\Downloads\instabot.py-master\src\instabot.py", line 359, in get_media_id_by_tag
    all_data = json.loads(r.text)
  File "C:\Users\ADRIAN\AppData\Local\Programs\Python\Python36\lib\json\__init__.py", line 354, in loads
    return _default_decoder.decode(s)
  File "C:\Users\ADRIAN\AppData\Local\Programs\Python\Python36\lib\json\decoder.py", line 339, in decode
    obj, end = self.raw_decode(s, idx=_w(s, 0).end())
  File "C:\Users\ADRIAN\AppData\Local\Programs\Python\Python36\lib\json\decoder.py", line 357, in raw_decode
    raise JSONDecodeError("Expecting value", s, err.value) from None
json.decoder.JSONDecodeError: Expecting value: line 1 column 1 (char 0)
ERROR:root:get_media_id_by_tag
Traceback (most recent call last):
  File "C:\Users\ADRIAN\Downloads\instabot.py-master\src\instabot.py", line 359, in get_media_id_by_tag
    all_data = json.loads(r.text)
  File "C:\Users\ADRIAN\AppData\Local\Programs\Python\Python36\lib\json\__init__.py", line 354, in loads
    return _default_decoder.decode(s)
  File "C:\Users\ADRIAN\AppData\Local\Programs\Python\Python36\lib\json\decoder.py", line 339, in decode
    obj, end = self.raw_decode(s, idx=_w(s, 0).end())
  File "C:\Users\ADRIAN\AppData\Local\Programs\Python\Python36\lib\json\decoder.py", line 357, in raw_decode
    raise JSONDecodeError("Expecting value", s, err.value) from None
json.decoder.JSONDecodeError: Expecting value: line 1 column 1 (char 0)
ERROR:root:get_media_id_by_tag
Traceback (most recent call last):
  File "C:\Users\ADRIAN\Downloads\instabot.py-master\src\instabot.py", line 359, in get_media_id_by_tag
    all_data = json.loads(r.text)
  File "C:\Users\ADRIAN\AppData\Local\Programs\Python\Python36\lib\json\__init__.py", line 354, in loads
    return _default_decoder.decode(s)
  File "C:\Users\ADRIAN\AppData\Local\Programs\Python\Python36\lib\json\decoder.py", line 339, in decode
    obj, end = self.raw_decode(s, idx=_w(s, 0).end())
  File "C:\Users\ADRIAN\AppData\Local\Programs\Python\Python36\lib\json\decoder.py", line 357, in raw_decode
    raise JSONDecodeError("Expecting value", s, err.value) from None
json.decoder.JSONDecodeError: Expecting value: line 1 column 1 (char 0)
ERROR:root:get_media_id_by_tag
Traceback (most recent call last):
  File "C:\Users\ADRIAN\Downloads\instabot.py-master\src\instabot.py", line 359, in get_media_id_by_tag
    all_data = json.loads(r.text)
  File "C:\Users\ADRIAN\AppData\Local\Programs\Python\Python36\lib\json\__init__.py", line 354, in loads
    return _default_decoder.decode(s)
  File "C:\Users\ADRIAN\AppData\Local\Programs\Python\Python36\lib\json\decoder.py", line 339, in decode
    obj, end = self.raw_decode(s, idx=_w(s, 0).end())
  File "C:\Users\ADRIAN\AppData\Local\Programs\Python\Python36\lib\json\decoder.py", line 357, in raw_decode
    raise JSONDecodeError("Expecting value", s, err.value) from None
json.decoder.JSONDecodeError: Expecting value: line 1 column 1 (char 0)
ERROR:root:get_media_id_by_tag
Traceback (most recent call last):
  File "C:\Users\ADRIAN\Downloads\instabot.py-master\src\instabot.py", line 359, in get_media_id_by_tag
    all_data = json.loads(r.text)
  File "C:\Users\ADRIAN\AppData\Local\Programs\Python\Python36\lib\json\__init__.py", line 354, in loads
    return _default_decoder.decode(s)
  File "C:\Users\ADRIAN\AppData\Local\Programs\Python\Python36\lib\json\decoder.py", line 339, in decode
    obj, end = self.raw_decode(s, idx=_w(s, 0).end())
  File "C:\Users\ADRIAN\AppData\Local\Programs\Python\Python36\lib\json\decoder.py", line 357, in raw_decode
    raise JSONDecodeError("Expecting value", s, err.value) from None
json.decoder.JSONDecodeError: Expecting value: line 1 column 1 (char 0)
ERROR:root:get_media_id_by_tag
Traceback (most recent call last):
  File "C:\Users\ADRIAN\Downloads\instabot.py-master\src\instabot.py", line 359, in get_media_id_by_tag
    all_data = json.loads(r.text)
  File "C:\Users\ADRIAN\AppData\Local\Programs\Python\Python36\lib\json\__init__.py", line 354, in loads
    return _default_decoder.decode(s)
  File "C:\Users\ADRIAN\AppData\Local\Programs\Python\Python36\lib\json\decoder.py", line 339, in decode
    obj, end = self.raw_decode(s, idx=_w(s, 0).end())
  File "C:\Users\ADRIAN\AppData\Local\Programs\Python\Python36\lib\json\decoder.py", line 357, in raw_decode
    raise JSONDecodeError("Expecting value", s, err.value) from None
json.decoder.JSONDecodeError: Expecting value: line 1 column 1 (char 0)
ERROR:root:get_media_id_by_tag
Traceback (most recent call last):
  File "C:\Users\ADRIAN\Downloads\instabot.py-master\src\instabot.py", line 359, in get_media_id_by_tag
    all_data = json.loads(r.text)
  File "C:\Users\ADRIAN\AppData\Local\Programs\Python\Python36\lib\json\__init__.py", line 354, in loads
    return _default_decoder.decode(s)
  File "C:\Users\ADRIAN\AppData\Local\Programs\Python\Python36\lib\json\decoder.py", line 339, in decode
    obj, end = self.raw_decode(s, idx=_w(s, 0).end())
  File "C:\Users\ADRIAN\AppData\Local\Programs\Python\Python36\lib\json\decoder.py", line 357, in raw_decode
    raise JSONDecodeError("Expecting value", s, err.value) from None
json.decoder.JSONDecodeError: Expecting value: line 1 column 1 (char 0)
ERROR:root:get_media_id_by_tag
Traceback (most recent call last):
  File "C:\Users\ADRIAN\Downloads\instabot.py-master\src\instabot.py", line 359, in get_media_id_by_tag
    all_data = json.loads(r.text)
  File "C:\Users\ADRIAN\AppData\Local\Programs\Python\Python36\lib\json\__init__.py", line 354, in loads
    return _default_decoder.decode(s)
  File "C:\Users\ADRIAN\AppData\Local\Programs\Python\Python36\lib\json\decoder.py", line 339, in decode
    obj, end = self.raw_decode(s, idx=_w(s, 0).end())
  File "C:\Users\ADRIAN\AppData\Local\Programs\Python\Python36\lib\json\decoder.py", line 357, in raw_decode
    raise JSONDecodeError("Expecting value", s, err.value) from None
json.decoder.JSONDecodeError: Expecting value: line 1 column 1 (char 0)
ERROR:root:get_media_id_by_tag
Traceback (most recent call last):
  File "C:\Users\ADRIAN\Downloads\instabot.py-master\src\instabot.py", line 359, in get_media_id_by_tag
    all_data = json.loads(r.text)
  File "C:\Users\ADRIAN\AppData\Local\Programs\Python\Python36\lib\json\__init__.py", line 354, in loads
    return _default_decoder.decode(s)
  File "C:\Users\ADRIAN\AppData\Local\Programs\Python\Python36\lib\json\decoder.py", line 339, in decode
    obj, end = self.raw_decode(s, idx=_w(s, 0).end())
  File "C:\Users\ADRIAN\AppData\Local\Programs\Python\Python36\lib\json\decoder.py", line 357, in raw_decode
    raise JSONDecodeError("Expecting value", s, err.value) from None
json.decoder.JSONDecodeError: Expecting value: line 1 column 1 (char 0)
ERROR:root:get_media_id_by_tag
Traceback (most recent call last):
  File "C:\Users\ADRIAN\Downloads\instabot.py-master\src\instabot.py", line 359, in get_media_id_by_tag
    all_data = json.loads(r.text)
  File "C:\Users\ADRIAN\AppData\Local\Programs\Python\Python36\lib\json\__init__.py", line 354, in loads
    return _default_decoder.decode(s)
  File "C:\Users\ADRIAN\AppData\Local\Programs\Python\Python36\lib\json\decoder.py", line 339, in decode
    obj, end = self.raw_decode(s, idx=_w(s, 0).end())
  File "C:\Users\ADRIAN\AppData\Local\Programs\Python\Python36\lib\json\decoder.py", line 357, in raw_decode
    raise JSONDecodeError("Expecting value", s, err.value) from None
json.decoder.JSONDecodeError: Expecting value: line 1 column 1 (char 0)
ERROR:root:get_media_id_by_tag
Traceback (most recent call last):
  File "C:\Users\ADRIAN\Downloads\instabot.py-master\src\instabot.py", line 359, in get_media_id_by_tag
    all_data = json.loads(r.text)
  File "C:\Users\ADRIAN\AppData\Local\Programs\Python\Python36\lib\json\__init__.py", line 354, in loads
    return _default_decoder.decode(s)
  File "C:\Users\ADRIAN\AppData\Local\Programs\Python\Python36\lib\json\decoder.py", line 339, in decode
    obj, end = self.raw_decode(s, idx=_w(s, 0).end())
  File "C:\Users\ADRIAN\AppData\Local\Programs\Python\Python36\lib\json\decoder.py", line 357, in raw_decode
    raise JSONDecodeError("Expecting value", s, err.value) from None
json.decoder.JSONDecodeError: Expecting value: line 1 column 1 (char 0)
ERROR:root:get_media_id_by_tag
Traceback (most recent call last):
  File "C:\Users\ADRIAN\Downloads\instabot.py-master\src\instabot.py", line 359, in get_media_id_by_tag
    all_data = json.loads(r.text)
  File "C:\Users\ADRIAN\AppData\Local\Programs\Python\Python36\lib\json\__init__.py", line 354, in loads
    return _default_decoder.decode(s)
  File "C:\Users\ADRIAN\AppData\Local\Programs\Python\Python36\lib\json\decoder.py", line 339, in decode
    obj, end = self.raw_decode(s, idx=_w(s, 0).end())
  File "C:\Users\ADRIAN\AppData\Local\Programs\Python\Python36\lib\json\decoder.py", line 357, in raw_decode
    raise JSONDecodeError("Expecting value", s, err.value) from None
json.decoder.JSONDecodeError: Expecting value: line 1 column 1 (char 0)
ERROR:root:get_media_id_by_tag
Traceback (most recent call last):
  File "C:\Users\ADRIAN\Downloads\instabot.py-master\src\instabot.py", line 359, in get_media_id_by_tag
    all_data = json.loads(r.text)
  File "C:\Users\ADRIAN\AppData\Local\Programs\Python\Python36\lib\json\__init__.py", line 354, in loads
    return _default_decoder.decode(s)
  File "C:\Users\ADRIAN\AppData\Local\Programs\Python\Python36\lib\json\decoder.py", line 339, in decode
    obj, end = self.raw_decode(s, idx=_w(s, 0).end())
  File "C:\Users\ADRIAN\AppData\Local\Programs\Python\Python36\lib\json\decoder.py", line 357, in raw_decode
    raise JSONDecodeError("Expecting value", s, err.value) from None
json.decoder.JSONDecodeError: Expecting value: line 1 column 1 (char 0)
ERROR:root:get_media_id_by_tag
Traceback (most recent call last):
  File "C:\Users\ADRIAN\Downloads\instabot.py-master\src\instabot.py", line 359, in get_media_id_by_tag
    all_data = json.loads(r.text)
  File "C:\Users\ADRIAN\AppData\Local\Programs\Python\Python36\lib\json\__init__.py", line 354, in loads
    return _default_decoder.decode(s)
  File "C:\Users\ADRIAN\AppData\Local\Programs\Python\Python36\lib\json\decoder.py", line 339, in decode
    obj, end = self.raw_decode(s, idx=_w(s, 0).end())
  File "C:\Users\ADRIAN\AppData\Local\Programs\Python\Python36\lib\json\decoder.py", line 357, in raw_decode
    raise JSONDecodeError("Expecting value", s, err.value) from None
json.decoder.JSONDecodeError: Expecting value: line 1 column 1 (char 0)
ERROR:root:get_media_id_by_tag
Traceback (most recent call last):
  File "C:\Users\ADRIAN\Downloads\instabot.py-master\src\instabot.py", line 359, in get_media_id_by_tag
    all_data = json.loads(r.text)
  File "C:\Users\ADRIAN\AppData\Local\Programs\Python\Python36\lib\json\__init__.py", line 354, in loads
    return _default_decoder.decode(s)
  File "C:\Users\ADRIAN\AppData\Local\Programs\Python\Python36\lib\json\decoder.py", line 339, in decode
    obj, end = self.raw_decode(s, idx=_w(s, 0).end())
  File "C:\Users\ADRIAN\AppData\Local\Programs\Python\Python36\lib\json\decoder.py", line 357, in raw_decode
    raise JSONDecodeError("Expecting value", s, err.value) from None
json.decoder.JSONDecodeError: Expecting value: line 1 column 1 (char 0)
ERROR:root:get_media_id_by_tag
Traceback (most recent call last):
  File "C:\Users\ADRIAN\Downloads\instabot.py-master\src\instabot.py", line 359, in get_media_id_by_tag
    all_data = json.loads(r.text)
  File "C:\Users\ADRIAN\AppData\Local\Programs\Python\Python36\lib\json\__init__.py", line 354, in loads
    return _default_decoder.decode(s)
  File "C:\Users\ADRIAN\AppData\Local\Programs\Python\Python36\lib\json\decoder.py", line 339, in decode
    obj, end = self.raw_decode(s, idx=_w(s, 0).end())
  File "C:\Users\ADRIAN\AppData\Local\Programs\Python\Python36\lib\json\decoder.py", line 357, in raw_decode
    raise JSONDecodeError("Expecting value", s, err.value) from None
json.decoder.JSONDecodeError: Expecting value: line 1 column 1 (char 0)
ERROR:root:get_media_id_by_tag
Traceback (most recent call last):
  File "C:\Users\ADRIAN\Downloads\instabot.py-master\src\instabot.py", line 359, in get_media_id_by_tag
    all_data = json.loads(r.text)
  File "C:\Users\ADRIAN\AppData\Local\Programs\Python\Python36\lib\json\__init__.py", line 354, in loads
    return _default_decoder.decode(s)
  File "C:\Users\ADRIAN\AppData\Local\Programs\Python\Python36\lib\json\decoder.py", line 339, in decode
    obj, end = self.raw_decode(s, idx=_w(s, 0).end())
  File "C:\Users\ADRIAN\AppData\Local\Programs\Python\Python36\lib\json\decoder.py", line 357, in raw_decode
    raise JSONDecodeError("Expecting value", s, err.value) from None
json.decoder.JSONDecodeError: Expecting value: line 1 column 1 (char 0)
ERROR:root:get_media_id_by_tag
Traceback (most recent call last):
  File "C:\Users\ADRIAN\Downloads\instabot.py-master\src\instabot.py", line 359, in get_media_id_by_tag
    all_data = json.loads(r.text)
  File "C:\Users\ADRIAN\AppData\Local\Programs\Python\Python36\lib\json\__init__.py", line 354, in loads
    return _default_decoder.decode(s)
  File "C:\Users\ADRIAN\AppData\Local\Programs\Python\Python36\lib\json\decoder.py", line 339, in decode
    obj, end = self.raw_decode(s, idx=_w(s, 0).end())
  File "C:\Users\ADRIAN\AppData\Local\Programs\Python\Python36\lib\json\decoder.py", line 357, in raw_decode
    raise JSONDecodeError("Expecting value", s, err.value) from None
json.decoder.JSONDecodeError: Expecting value: line 1 column 1 (char 0)
ERROR:root:get_media_id_by_tag
Traceback (most recent call last):
  File "C:\Users\ADRIAN\Downloads\instabot.py-master\src\instabot.py", line 359, in get_media_id_by_tag
    all_data = json.loads(r.text)
  File "C:\Users\ADRIAN\AppData\Local\Programs\Python\Python36\lib\json\__init__.py", line 354, in loads
    return _default_decoder.decode(s)
  File "C:\Users\ADRIAN\AppData\Local\Programs\Python\Python36\lib\json\decoder.py", line 339, in decode
    obj, end = self.raw_decode(s, idx=_w(s, 0).end())
  File "C:\Users\ADRIAN\AppData\Local\Programs\Python\Python36\lib\json\decoder.py", line 357, in raw_decode
    raise JSONDecodeError("Expecting value", s, err.value) from None
json.decoder.JSONDecodeError: Expecting value: line 1 column 1 (char 0)
ERROR:root:get_media_id_by_tag
Traceback (most recent call last):
  File "C:\Users\ADRIAN\Downloads\instabot.py-master\src\instabot.py", line 359, in get_media_id_by_tag
    all_data = json.loads(r.text)
  File "C:\Users\ADRIAN\AppData\Local\Programs\Python\Python36\lib\json\__init__.py", line 354, in loads
    return _default_decoder.decode(s)
  File "C:\Users\ADRIAN\AppData\Local\Programs\Python\Python36\lib\json\decoder.py", line 339, in decode
    obj, end = self.raw_decode(s, idx=_w(s, 0).end())
  File "C:\Users\ADRIAN\AppData\Local\Programs\Python\Python36\lib\json\decoder.py", line 357, in raw_decode
    raise JSONDecodeError("Expecting value", s, err.value) from None
json.decoder.JSONDecodeError: Expecting value: line 1 column 1 (char 0)
ERROR:root:get_media_id_by_tag
Traceback (most recent call last):
  File "C:\Users\ADRIAN\Downloads\instabot.py-master\src\instabot.py", line 359, in get_media_id_by_tag
    all_data = json.loads(r.text)
  File "C:\Users\ADRIAN\AppData\Local\Programs\Python\Python36\lib\json\__init__.py", line 354, in loads
    return _default_decoder.decode(s)
  File "C:\Users\ADRIAN\AppData\Local\Programs\Python\Python36\lib\json\decoder.py", line 339, in decode
    obj, end = self.raw_decode(s, idx=_w(s, 0).end())
  File "C:\Users\ADRIAN\AppData\Local\Programs\Python\Python36\lib\json\decoder.py", line 357, in raw_decode
    raise JSONDecodeError("Expecting value", s, err.value) from None
json.decoder.JSONDecodeError: Expecting value: line 1 column 1 (char 0)
ERROR:root:get_media_id_by_tag
Traceback (most recent call last):
  File "C:\Users\ADRIAN\Downloads\instabot.py-master\src\instabot.py", line 359, in get_media_id_by_tag
    all_data = json.loads(r.text)
  File "C:\Users\ADRIAN\AppData\Local\Programs\Python\Python36\lib\json\__init__.py", line 354, in loads
    return _default_decoder.decode(s)
  File "C:\Users\ADRIAN\AppData\Local\Programs\Python\Python36\lib\json\decoder.py", line 339, in decode
    obj, end = self.raw_decode(s, idx=_w(s, 0).end())
  File "C:\Users\ADRIAN\AppData\Local\Programs\Python\Python36\lib\json\decoder.py", line 357, in raw_decode
    raise JSONDecodeError("Expecting value", s, err.value) from None
json.decoder.JSONDecodeError: Expecting value: line 1 column 1 (char 0)
ERROR:root:get_media_id_by_tag
Traceback (most recent call last):
  File "C:\Users\ADRIAN\Downloads\instabot.py-master\src\instabot.py", line 359, in get_media_id_by_tag
    all_data = json.loads(r.text)
  File "C:\Users\ADRIAN\AppData\Local\Programs\Python\Python36\lib\json\__init__.py", line 354, in loads
    return _default_decoder.decode(s)
  File "C:\Users\ADRIAN\AppData\Local\Programs\Python\Python36\lib\json\decoder.py", line 339, in decode
    obj, end = self.raw_decode(s, idx=_w(s, 0).end())
  File "C:\Users\ADRIAN\AppData\Local\Programs\Python\Python36\lib\json\decoder.py", line 357, in raw_decode
    raise JSONDecodeError("Expecting value", s, err.value) from None
json.decoder.JSONDecodeError: Expecting value: line 1 column 1 (char 0)
ERROR:root:get_media_id_by_tag
Traceback (most recent call last):
  File "C:\Users\ADRIAN\Downloads\instabot.py-master\src\instabot.py", line 359, in get_media_id_by_tag
    all_data = json.loads(r.text)
  File "C:\Users\ADRIAN\AppData\Local\Programs\Python\Python36\lib\json\__init__.py", line 354, in loads
    return _default_decoder.decode(s)
  File "C:\Users\ADRIAN\AppData\Local\Programs\Python\Python36\lib\json\decoder.py", line 339, in decode
    obj, end = self.raw_decode(s, idx=_w(s, 0).end())
  File "C:\Users\ADRIAN\AppData\Local\Programs\Python\Python36\lib\json\decoder.py", line 357, in raw_decode
    raise JSONDecodeError("Expecting value", s, err.value) from None
json.decoder.JSONDecodeError: Expecting value: line 1 column 1 (char 0)
ERROR:root:get_media_id_by_tag
Traceback (most recent call last):
  File "C:\Users\ADRIAN\Downloads\instabot.py-master\src\instabot.py", line 359, in get_media_id_by_tag
    all_data = json.loads(r.text)
  File "C:\Users\ADRIAN\AppData\Local\Programs\Python\Python36\lib\json\__init__.py", line 354, in loads
    return _default_decoder.decode(s)
  File "C:\Users\ADRIAN\AppData\Local\Programs\Python\Python36\lib\json\decoder.py", line 339, in decode
    obj, end = self.raw_decode(s, idx=_w(s, 0).end())
  File "C:\Users\ADRIAN\AppData\Local\Programs\Python\Python36\lib\json\decoder.py", line 357, in raw_decode
    raise JSONDecodeError("Expecting value", s, err.value) from None
json.decoder.JSONDecodeError: Expecting value: line 1 column 1 (char 0)
ERROR:root:get_media_id_by_tag
Traceback (most recent call last):
  File "C:\Users\ADRIAN\Downloads\instabot.py-master\src\instabot.py", line 359, in get_media_id_by_tag
    all_data = json.loads(r.text)
  File "C:\Users\ADRIAN\AppData\Local\Programs\Python\Python36\lib\json\__init__.py", line 354, in loads
    return _default_decoder.decode(s)
  File "C:\Users\ADRIAN\AppData\Local\Programs\Python\Python36\lib\json\decoder.py", line 339, in decode
    obj, end = self.raw_decode(s, idx=_w(s, 0).end())
  File "C:\Users\ADRIAN\AppData\Local\Programs\Python\Python36\lib\json\decoder.py", line 357, in raw_decode
    raise JSONDecodeError("Expecting value", s, err.value) from None
json.decoder.JSONDecodeError: Expecting value: line 1 column 1 (char 0)
ERROR:root:get_media_id_by_tag
Traceback (most recent call last):
  File "C:\Users\ADRIAN\Downloads\instabot.py-master\src\instabot.py", line 359, in get_media_id_by_tag
    all_data = json.loads(r.text)
  File "C:\Users\ADRIAN\AppData\Local\Programs\Python\Python36\lib\json\__init__.py", line 354, in loads
    return _default_decoder.decode(s)
  File "C:\Users\ADRIAN\AppData\Local\Programs\Python\Python36\lib\json\decoder.py", line 339, in decode
    obj, end = self.raw_decode(s, idx=_w(s, 0).end())
  File "C:\Users\ADRIAN\AppData\Local\Programs\Python\Python36\lib\json\decoder.py", line 357, in raw_decode
    raise JSONDecodeError("Expecting value", s, err.value) from None
json.decoder.JSONDecodeError: Expecting value: line 1 column 1 (char 0)
ERROR:root:get_media_id_by_tag
Traceback (most recent call last):
  File "C:\Users\ADRIAN\Downloads\instabot.py-master\src\instabot.py", line 359, in get_media_id_by_tag
    all_data = json.loads(r.text)
  File "C:\Users\ADRIAN\AppData\Local\Programs\Python\Python36\lib\json\__init__.py", line 354, in loads
    return _default_decoder.decode(s)
  File "C:\Users\ADRIAN\AppData\Local\Programs\Python\Python36\lib\json\decoder.py", line 339, in decode
    obj, end = self.raw_decode(s, idx=_w(s, 0).end())
  File "C:\Users\ADRIAN\AppData\Local\Programs\Python\Python36\lib\json\decoder.py", line 357, in raw_decode
    raise JSONDecodeError("Expecting value", s, err.value) from None
json.decoder.JSONDecodeError: Expecting value: line 1 column 1 (char 0)
ERROR:root:get_media_id_by_tag
Traceback (most recent call last):
  File "C:\Users\ADRIAN\Downloads\instabot.py-master\src\instabot.py", line 359, in get_media_id_by_tag
    all_data = json.loads(r.text)
  File "C:\Users\ADRIAN\AppData\Local\Programs\Python\Python36\lib\json\__init__.py", line 354, in loads
    return _default_decoder.decode(s)
  File "C:\Users\ADRIAN\AppData\Local\Programs\Python\Python36\lib\json\decoder.py", line 339, in decode
    obj, end = self.raw_decode(s, idx=_w(s, 0).end())
  File "C:\Users\ADRIAN\AppData\Local\Programs\Python\Python36\lib\json\decoder.py", line 357, in raw_decode
    raise JSONDecodeError("Expecting value", s, err.value) from None
json.decoder.JSONDecodeError: Expecting value: line 1 column 1 (char 0)
ERROR:root:get_media_id_by_tag
Traceback (most recent call last):
  File "C:\Users\ADRIAN\Downloads\instabot.py-master\src\instabot.py", line 359, in get_media_id_by_tag
    all_data = json.loads(r.text)
  File "C:\Users\ADRIAN\AppData\Local\Programs\Python\Python36\lib\json\__init__.py", line 354, in loads
    return _default_decoder.decode(s)
  File "C:\Users\ADRIAN\AppData\Local\Programs\Python\Python36\lib\json\decoder.py", line 339, in decode
    obj, end = self.raw_decode(s, idx=_w(s, 0).end())
  File "C:\Users\ADRIAN\AppData\Local\Programs\Python\Python36\lib\json\decoder.py", line 357, in raw_decode
    raise JSONDecodeError("Expecting value", s, err.value) from None
json.decoder.JSONDecodeError: Expecting value: line 1 column 1 (char 0)
ERROR:root:get_media_id_by_tag
Traceback (most recent call last):
  File "C:\Users\ADRIAN\Downloads\instabot.py-master\src\instabot.py", line 359, in get_media_id_by_tag
    all_data = json.loads(r.text)
  File "C:\Users\ADRIAN\AppData\Local\Programs\Python\Python36\lib\json\__init__.py", line 354, in loads
    return _default_decoder.decode(s)
  File "C:\Users\ADRIAN\AppData\Local\Programs\Python\Python36\lib\json\decoder.py", line 339, in decode
    obj, end = self.raw_decode(s, idx=_w(s, 0).end())
  File "C:\Users\ADRIAN\AppData\Local\Programs\Python\Python36\lib\json\decoder.py", line 357, in raw_decode
    raise JSONDecodeError("Expecting value", s, err.value) from None
json.decoder.JSONDecodeError: Expecting value: line 1 column 1 (char 0)
ERROR:root:get_media_id_by_tag
Traceback (most recent call last):
  File "C:\Users\ADRIAN\Downloads\instabot.py-master\src\instabot.py", line 359, in get_media_id_by_tag
    all_data = json.loads(r.text)
  File "C:\Users\ADRIAN\AppData\Local\Programs\Python\Python36\lib\json\__init__.py", line 354, in loads
    return _default_decoder.decode(s)
  File "C:\Users\ADRIAN\AppData\Local\Programs\Python\Python36\lib\json\decoder.py", line 339, in decode
    obj, end = self.raw_decode(s, idx=_w(s, 0).end())
  File "C:\Users\ADRIAN\AppData\Local\Programs\Python\Python36\lib\json\decoder.py", line 357, in raw_decode
    raise JSONDecodeError("Expecting value", s, err.value) from None
json.decoder.JSONDecodeError: Expecting value: line 1 column 1 (char 0)
ERROR:root:get_media_id_by_tag
Traceback (most recent call last):
  File "C:\Users\ADRIAN\Downloads\instabot.py-master\src\instabot.py", line 359, in get_media_id_by_tag
    all_data = json.loads(r.text)
  File "C:\Users\ADRIAN\AppData\Local\Programs\Python\Python36\lib\json\__init__.py", line 354, in loads
    return _default_decoder.decode(s)
  File "C:\Users\ADRIAN\AppData\Local\Programs\Python\Python36\lib\json\decoder.py", line 339, in decode
    obj, end = self.raw_decode(s, idx=_w(s, 0).end())
  File "C:\Users\ADRIAN\AppData\Local\Programs\Python\Python36\lib\json\decoder.py", line 357, in raw_decode
    raise JSONDecodeError("Expecting value", s, err.value) from None
json.decoder.JSONDecodeError: Expecting value: line 1 column 1 (char 0)
ERROR:root:get_media_id_by_tag
Traceback (most recent call last):
  File "C:\Users\ADRIAN\Downloads\instabot.py-master\src\instabot.py", line 359, in get_media_id_by_tag
    all_data = json.loads(r.text)
  File "C:\Users\ADRIAN\AppData\Local\Programs\Python\Python36\lib\json\__init__.py", line 354, in loads
    return _default_decoder.decode(s)
  File "C:\Users\ADRIAN\AppData\Local\Programs\Python\Python36\lib\json\decoder.py", line 339, in decode
    obj, end = self.raw_decode(s, idx=_w(s, 0).end())
  File "C:\Users\ADRIAN\AppData\Local\Programs\Python\Python36\lib\json\decoder.py", line 357, in raw_decode
    raise JSONDecodeError("Expecting value", s, err.value) from None
json.decoder.JSONDecodeError: Expecting value: line 1 column 1 (char 0)
ERROR:root:get_media_id_by_tag
Traceback (most recent call last):
  File "C:\Users\ADRIAN\Downloads\instabot.py-master\src\instabot.py", line 359, in get_media_id_by_tag
    all_data = json.loads(r.text)
  File "C:\Users\ADRIAN\AppData\Local\Programs\Python\Python36\lib\json\__init__.py", line 354, in loads
    return _default_decoder.decode(s)
  File "C:\Users\ADRIAN\AppData\Local\Programs\Python\Python36\lib\json\decoder.py", line 339, in decode
    obj, end = self.raw_decode(s, idx=_w(s, 0).end())
  File "C:\Users\ADRIAN\AppData\Local\Programs\Python\Python36\lib\json\decoder.py", line 357, in raw_decode
    raise JSONDecodeError("Expecting value", s, err.value) from None
json.decoder.JSONDecodeError: Expecting value: line 1 column 1 (char 0)
ERROR:root:get_media_id_by_tag
Traceback (most recent call last):
  File "C:\Users\ADRIAN\Downloads\instabot.py-master\src\instabot.py", line 359, in get_media_id_by_tag
    all_data = json.loads(r.text)
  File "C:\Users\ADRIAN\AppData\Local\Programs\Python\Python36\lib\json\__init__.py", line 354, in loads
    return _default_decoder.decode(s)
  File "C:\Users\ADRIAN\AppData\Local\Programs\Python\Python36\lib\json\decoder.py", line 339, in decode
    obj, end = self.raw_decode(s, idx=_w(s, 0).end())
  File "C:\Users\ADRIAN\AppData\Local\Programs\Python\Python36\lib\json\decoder.py", line 357, in raw_decode
    raise JSONDecodeError("Expecting value", s, err.value) from None
json.decoder.JSONDecodeError: Expecting value: line 1 column 1 (char 0)
ERROR:root:get_media_id_by_tag
Traceback (most recent call last):
  File "C:\Users\ADRIAN\Downloads\instabot.py-master\src\instabot.py", line 359, in get_media_id_by_tag
    all_data = json.loads(r.text)
  File "C:\Users\ADRIAN\AppData\Local\Programs\Python\Python36\lib\json\__init__.py", line 354, in loads
    return _default_decoder.decode(s)
  File "C:\Users\ADRIAN\AppData\Local\Programs\Python\Python36\lib\json\decoder.py", line 339, in decode
    obj, end = self.raw_decode(s, idx=_w(s, 0).end())
  File "C:\Users\ADRIAN\AppData\Local\Programs\Python\Python36\lib\json\decoder.py", line 357, in raw_decode
    raise JSONDecodeError("Expecting value", s, err.value) from None
json.decoder.JSONDecodeError: Expecting value: line 1 column 1 (char 0)
ERROR:root:get_media_id_by_tag
Traceback (most recent call last):
  File "C:\Users\ADRIAN\Downloads\instabot.py-master\src\instabot.py", line 359, in get_media_id_by_tag
    all_data = json.loads(r.text)
  File "C:\Users\ADRIAN\AppData\Local\Programs\Python\Python36\lib\json\__init__.py", line 354, in loads
    return _default_decoder.decode(s)
  File "C:\Users\ADRIAN\AppData\Local\Programs\Python\Python36\lib\json\decoder.py", line 339, in decode
    obj, end = self.raw_decode(s, idx=_w(s, 0).end())
  File "C:\Users\ADRIAN\AppData\Local\Programs\Python\Python36\lib\json\decoder.py", line 357, in raw_decode
    raise JSONDecodeError("Expecting value", s, err.value) from None
json.decoder.JSONDecodeError: Expecting value: line 1 column 1 (char 0)
ERROR:root:get_media_id_by_tag
Traceback (most recent call last):
  File "C:\Users\ADRIAN\Downloads\instabot.py-master\src\instabot.py", line 359, in get_media_id_by_tag
    all_data = json.loads(r.text)
  File "C:\Users\ADRIAN\AppData\Local\Programs\Python\Python36\lib\json\__init__.py", line 354, in loads
    return _default_decoder.decode(s)
  File "C:\Users\ADRIAN\AppData\Local\Programs\Python\Python36\lib\json\decoder.py", line 339, in decode
    obj, end = self.raw_decode(s, idx=_w(s, 0).end())
  File "C:\Users\ADRIAN\AppData\Local\Programs\Python\Python36\lib\json\decoder.py", line 357, in raw_decode
    raise JSONDecodeError("Expecting value", s, err.value) from None
json.decoder.JSONDecodeError: Expecting value: line 1 column 1 (char 0)
ERROR:root:get_media_id_by_tag
Traceback (most recent call last):
  File "C:\Users\ADRIAN\Downloads\instabot.py-master\src\instabot.py", line 359, in get_media_id_by_tag
    all_data = json.loads(r.text)
  File "C:\Users\ADRIAN\AppData\Local\Programs\Python\Python36\lib\json\__init__.py", line 354, in loads
    return _default_decoder.decode(s)
  File "C:\Users\ADRIAN\AppData\Local\Programs\Python\Python36\lib\json\decoder.py", line 339, in decode
    obj, end = self.raw_decode(s, idx=_w(s, 0).end())
  File "C:\Users\ADRIAN\AppData\Local\Programs\Python\Python36\lib\json\decoder.py", line 357, in raw_decode
    raise JSONDecodeError("Expecting value", s, err.value) from None
json.decoder.JSONDecodeError: Expecting value: line 1 column 1 (char 0)
ERROR:root:get_media_id_by_tag
Traceback (most recent call last):
  File "C:\Users\ADRIAN\Downloads\instabot.py-master\src\instabot.py", line 359, in get_media_id_by_tag
    all_data = json.loads(r.text)
  File "C:\Users\ADRIAN\AppData\Local\Programs\Python\Python36\lib\json\__init__.py", line 354, in loads
    return _default_decoder.decode(s)
  File "C:\Users\ADRIAN\AppData\Local\Programs\Python\Python36\lib\json\decoder.py", line 339, in decode
    obj, end = self.raw_decode(s, idx=_w(s, 0).end())
  File "C:\Users\ADRIAN\AppData\Local\Programs\Python\Python36\lib\json\decoder.py", line 357, in raw_decode
    raise JSONDecodeError("Expecting value", s, err.value) from None
json.decoder.JSONDecodeError: Expecting value: line 1 column 1 (char 0)
ERROR:root:get_media_id_by_tag
Traceback (most recent call last):
  File "C:\Users\ADRIAN\Downloads\instabot.py-master\src\instabot.py", line 359, in get_media_id_by_tag
    all_data = json.loads(r.text)
  File "C:\Users\ADRIAN\AppData\Local\Programs\Python\Python36\lib\json\__init__.py", line 354, in loads
    return _default_decoder.decode(s)
  File "C:\Users\ADRIAN\AppData\Local\Programs\Python\Python36\lib\json\decoder.py", line 339, in decode
    obj, end = self.raw_decode(s, idx=_w(s, 0).end())
  File "C:\Users\ADRIAN\AppData\Local\Programs\Python\Python36\lib\json\decoder.py", line 357, in raw_decode
    raise JSONDecodeError("Expecting value", s, err.value) from None
json.decoder.JSONDecodeError: Expecting value: line 1 column 1 (char 0)
ERROR:root:get_media_id_by_tag
Traceback (most recent call last):
  File "C:\Users\ADRIAN\Downloads\instabot.py-master\src\instabot.py", line 359, in get_media_id_by_tag
    all_data = json.loads(r.text)
  File "C:\Users\ADRIAN\AppData\Local\Programs\Python\Python36\lib\json\__init__.py", line 354, in loads
    return _default_decoder.decode(s)
  File "C:\Users\ADRIAN\AppData\Local\Programs\Python\Python36\lib\json\decoder.py", line 339, in decode
    obj, end = self.raw_decode(s, idx=_w(s, 0).end())
  File "C:\Users\ADRIAN\AppData\Local\Programs\Python\Python36\lib\json\decoder.py", line 357, in raw_decode
    raise JSONDecodeError("Expecting value", s, err.value) from None
json.decoder.JSONDecodeError: Expecting value: line 1 column 1 (char 0)
ERROR:root:get_media_id_by_tag
Traceback (most recent call last):
  File "C:\Users\ADRIAN\Downloads\instabot.py-master\src\instabot.py", line 359, in get_media_id_by_tag
    all_data = json.loads(r.text)
  File "C:\Users\ADRIAN\AppData\Local\Programs\Python\Python36\lib\json\__init__.py", line 354, in loads
    return _default_decoder.decode(s)
  File "C:\Users\ADRIAN\AppData\Local\Programs\Python\Python36\lib\json\decoder.py", line 339, in decode
    obj, end = self.raw_decode(s, idx=_w(s, 0).end())
  File "C:\Users\ADRIAN\AppData\Local\Programs\Python\Python36\lib\json\decoder.py", line 357, in raw_decode
    raise JSONDecodeError("Expecting value", s, err.value) from None
json.decoder.JSONDecodeError: Expecting value: line 1 column 1 (char 0)
ERROR:root:get_media_id_by_tag
Traceback (most recent call last):
  File "C:\Users\ADRIAN\Downloads\instabot.py-master\src\instabot.py", line 359, in get_media_id_by_tag
    all_data = json.loads(r.text)
  File "C:\Users\ADRIAN\AppData\Local\Programs\Python\Python36\lib\json\__init__.py", line 354, in loads
    return _default_decoder.decode(s)
  File "C:\Users\ADRIAN\AppData\Local\Programs\Python\Python36\lib\json\decoder.py", line 339, in decode
    obj, end = self.raw_decode(s, idx=_w(s, 0).end())
  File "C:\Users\ADRIAN\AppData\Local\Programs\Python\Python36\lib\json\decoder.py", line 357, in raw_decode
    raise JSONDecodeError("Expecting value", s, err.value) from None
json.decoder.JSONDecodeError: Expecting value: line 1 column 1 (char 0)
ERROR:root:get_media_id_by_tag
Traceback (most recent call last):
  File "C:\Users\ADRIAN\Downloads\instabot.py-master\src\instabot.py", line 359, in get_media_id_by_tag
    all_data = json.loads(r.text)
  File "C:\Users\ADRIAN\AppData\Local\Programs\Python\Python36\lib\json\__init__.py", line 354, in loads
    return _default_decoder.decode(s)
  File "C:\Users\ADRIAN\AppData\Local\Programs\Python\Python36\lib\json\decoder.py", line 339, in decode
    obj, end = self.raw_decode(s, idx=_w(s, 0).end())
  File "C:\Users\ADRIAN\AppData\Local\Programs\Python\Python36\lib\json\decoder.py", line 357, in raw_decode
    raise JSONDecodeError("Expecting value", s, err.value) from None
json.decoder.JSONDecodeError: Expecting value: line 1 column 1 (char 0)
ERROR:root:get_media_id_by_tag
Traceback (most recent call last):
  File "C:\Users\ADRIAN\Downloads\instabot.py-master\src\instabot.py", line 359, in get_media_id_by_tag
    all_data = json.loads(r.text)
  File "C:\Users\ADRIAN\AppData\Local\Programs\Python\Python36\lib\json\__init__.py", line 354, in loads
    return _default_decoder.decode(s)
  File "C:\Users\ADRIAN\AppData\Local\Programs\Python\Python36\lib\json\decoder.py", line 339, in decode
    obj, end = self.raw_decode(s, idx=_w(s, 0).end())
  File "C:\Users\ADRIAN\AppData\Local\Programs\Python\Python36\lib\json\decoder.py", line 357, in raw_decode
    raise JSONDecodeError("Expecting value", s, err.value) from None
json.decoder.JSONDecodeError: Expecting value: line 1 column 1 (char 0)
ERROR:root:get_media_id_by_tag
Traceback (most recent call last):
  File "C:\Users\ADRIAN\Downloads\instabot.py-master\src\instabot.py", line 359, in get_media_id_by_tag
    all_data = json.loads(r.text)
  File "C:\Users\ADRIAN\AppData\Local\Programs\Python\Python36\lib\json\__init__.py", line 354, in loads
    return _default_decoder.decode(s)
  File "C:\Users\ADRIAN\AppData\Local\Programs\Python\Python36\lib\json\decoder.py", line 339, in decode
    obj, end = self.raw_decode(s, idx=_w(s, 0).end())
  File "C:\Users\ADRIAN\AppData\Local\Programs\Python\Python36\lib\json\decoder.py", line 357, in raw_decode
    raise JSONDecodeError("Expecting value", s, err.value) from None
json.decoder.JSONDecodeError: Expecting value: line 1 column 1 (char 0)
ERROR:root:get_media_id_by_tag
Traceback (most recent call last):
  File "C:\Users\ADRIAN\Downloads\instabot.py-master\src\instabot.py", line 359, in get_media_id_by_tag
    all_data = json.loads(r.text)
  File "C:\Users\ADRIAN\AppData\Local\Programs\Python\Python36\lib\json\__init__.py", line 354, in loads
    return _default_decoder.decode(s)
  File "C:\Users\ADRIAN\AppData\Local\Programs\Python\Python36\lib\json\decoder.py", line 339, in decode
    obj, end = self.raw_decode(s, idx=_w(s, 0).end())
  File "C:\Users\ADRIAN\AppData\Local\Programs\Python\Python36\lib\json\decoder.py", line 357, in raw_decode
    raise JSONDecodeError("Expecting value", s, err.value) from None
json.decoder.JSONDecodeError: Expecting value: line 1 column 1 (char 0)
ERROR:root:get_media_id_by_tag
Traceback (most recent call last):
  File "C:\Users\ADRIAN\Downloads\instabot.py-master\src\instabot.py", line 359, in get_media_id_by_tag
    all_data = json.loads(r.text)
  File "C:\Users\ADRIAN\AppData\Local\Programs\Python\Python36\lib\json\__init__.py", line 354, in loads
    return _default_decoder.decode(s)
  File "C:\Users\ADRIAN\AppData\Local\Programs\Python\Python36\lib\json\decoder.py", line 339, in decode
    obj, end = self.raw_decode(s, idx=_w(s, 0).end())
  File "C:\Users\ADRIAN\AppData\Local\Programs\Python\Python36\lib\json\decoder.py", line 357, in raw_decode
    raise JSONDecodeError("Expecting value", s, err.value) from None
json.decoder.JSONDecodeError: Expecting value: line 1 column 1 (char 0)
ERROR:root:get_media_id_by_tag
Traceback (most recent call last):
  File "C:\Users\ADRIAN\Downloads\instabot.py-master\src\instabot.py", line 359, in get_media_id_by_tag
    all_data = json.loads(r.text)
  File "C:\Users\ADRIAN\AppData\Local\Programs\Python\Python36\lib\json\__init__.py", line 354, in loads
    return _default_decoder.decode(s)
  File "C:\Users\ADRIAN\AppData\Local\Programs\Python\Python36\lib\json\decoder.py", line 339, in decode
    obj, end = self.raw_decode(s, idx=_w(s, 0).end())
  File "C:\Users\ADRIAN\AppData\Local\Programs\Python\Python36\lib\json\decoder.py", line 357, in raw_decode
    raise JSONDecodeError("Expecting value", s, err.value) from None
json.decoder.JSONDecodeError: Expecting value: line 1 column 1 (char 0)
ERROR:root:get_media_id_by_tag
Traceback (most recent call last):
  File "C:\Users\ADRIAN\Downloads\instabot.py-master\src\instabot.py", line 359, in get_media_id_by_tag
    all_data = json.loads(r.text)
  File "C:\Users\ADRIAN\AppData\Local\Programs\Python\Python36\lib\json\__init__.py", line 354, in loads
    return _default_decoder.decode(s)
  File "C:\Users\ADRIAN\AppData\Local\Programs\Python\Python36\lib\json\decoder.py", line 339, in decode
    obj, end = self.raw_decode(s, idx=_w(s, 0).end())
  File "C:\Users\ADRIAN\AppData\Local\Programs\Python\Python36\lib\json\decoder.py", line 357, in raw_decode
    raise JSONDecodeError("Expecting value", s, err.value) from None
json.decoder.JSONDecodeError: Expecting value: line 1 column 1 (char 0)
ERROR:root:get_media_id_by_tag
Traceback (most recent call last):
  File "C:\Users\ADRIAN\Downloads\instabot.py-master\src\instabot.py", line 359, in get_media_id_by_tag
    all_data = json.loads(r.text)
  File "C:\Users\ADRIAN\AppData\Local\Programs\Python\Python36\lib\json\__init__.py", line 354, in loads
    return _default_decoder.decode(s)
  File "C:\Users\ADRIAN\AppData\Local\Programs\Python\Python36\lib\json\decoder.py", line 339, in decode
    obj, end = self.raw_decode(s, idx=_w(s, 0).end())
  File "C:\Users\ADRIAN\AppData\Local\Programs\Python\Python36\lib\json\decoder.py", line 357, in raw_decode
    raise JSONDecodeError("Expecting value", s, err.value) from None
json.decoder.JSONDecodeError: Expecting value: line 1 column 1 (char 0)
ERROR:root:get_media_id_by_tag
Traceback (most recent call last):
  File "C:\Users\ADRIAN\Downloads\instabot.py-master\src\instabot.py", line 359, in get_media_id_by_tag
    all_data = json.loads(r.text)
  File "C:\Users\ADRIAN\AppData\Local\Programs\Python\Python36\lib\json\__init__.py", line 354, in loads
    return _default_decoder.decode(s)
  File "C:\Users\ADRIAN\AppData\Local\Programs\Python\Python36\lib\json\decoder.py", line 339, in decode
    obj, end = self.raw_decode(s, idx=_w(s, 0).end())
  File "C:\Users\ADRIAN\AppData\Local\Programs\Python\Python36\lib\json\decoder.py", line 357, in raw_decode
    raise JSONDecodeError("Expecting value", s, err.value) from None
json.decoder.JSONDecodeError: Expecting value: line 1 column 1 (char 0)
ERROR:root:get_media_id_by_tag
Traceback (most recent call last):
  File "C:\Users\ADRIAN\Downloads\instabot.py-master\src\instabot.py", line 359, in get_media_id_by_tag
    all_data = json.loads(r.text)
  File "C:\Users\ADRIAN\AppData\Local\Programs\Python\Python36\lib\json\__init__.py", line 354, in loads
    return _default_decoder.decode(s)
  File "C:\Users\ADRIAN\AppData\Local\Programs\Python\Python36\lib\json\decoder.py", line 339, in decode
    obj, end = self.raw_decode(s, idx=_w(s, 0).end())
  File "C:\Users\ADRIAN\AppData\Local\Programs\Python\Python36\lib\json\decoder.py", line 357, in raw_decode
    raise JSONDecodeError("Expecting value", s, err.value) from None
json.decoder.JSONDecodeError: Expecting value: line 1 column 1 (char 0)
ERROR:root:get_media_id_by_tag
Traceback (most recent call last):
  File "C:\Users\ADRIAN\Downloads\instabot.py-master\src\instabot.py", line 359, in get_media_id_by_tag
    all_data = json.loads(r.text)
  File "C:\Users\ADRIAN\AppData\Local\Programs\Python\Python36\lib\json\__init__.py", line 354, in loads
    return _default_decoder.decode(s)
  File "C:\Users\ADRIAN\AppData\Local\Programs\Python\Python36\lib\json\decoder.py", line 339, in decode
    obj, end = self.raw_decode(s, idx=_w(s, 0).end())
  File "C:\Users\ADRIAN\AppData\Local\Programs\Python\Python36\lib\json\decoder.py", line 357, in raw_decode
    raise JSONDecodeError("Expecting value", s, err.value) from None
json.decoder.JSONDecodeError: Expecting value: line 1 column 1 (char 0)
ERROR:root:get_media_id_by_tag
Traceback (most recent call last):
  File "C:\Users\ADRIAN\Downloads\instabot.py-master\src\instabot.py", line 359, in get_media_id_by_tag
    all_data = json.loads(r.text)
  File "C:\Users\ADRIAN\AppData\Local\Programs\Python\Python36\lib\json\__init__.py", line 354, in loads
    return _default_decoder.decode(s)
  File "C:\Users\ADRIAN\AppData\Local\Programs\Python\Python36\lib\json\decoder.py", line 339, in decode
    obj, end = self.raw_decode(s, idx=_w(s, 0).end())
  File "C:\Users\ADRIAN\AppData\Local\Programs\Python\Python36\lib\json\decoder.py", line 357, in raw_decode
    raise JSONDecodeError("Expecting value", s, err.value) from None
json.decoder.JSONDecodeError: Expecting value: line 1 column 1 (char 0)
ERROR:root:get_media_id_by_tag
Traceback (most recent call last):
  File "C:\Users\ADRIAN\Downloads\instabot.py-master\src\instabot.py", line 359, in get_media_id_by_tag
    all_data = json.loads(r.text)
  File "C:\Users\ADRIAN\AppData\Local\Programs\Python\Python36\lib\json\__init__.py", line 354, in loads
    return _default_decoder.decode(s)
  File "C:\Users\ADRIAN\AppData\Local\Programs\Python\Python36\lib\json\decoder.py", line 339, in decode
    obj, end = self.raw_decode(s, idx=_w(s, 0).end())
  File "C:\Users\ADRIAN\AppData\Local\Programs\Python\Python36\lib\json\decoder.py", line 357, in raw_decode
    raise JSONDecodeError("Expecting value", s, err.value) from None
json.decoder.JSONDecodeError: Expecting value: line 1 column 1 (char 0)
ERROR:root:get_media_id_by_tag
Traceback (most recent call last):
  File "C:\Users\ADRIAN\Downloads\instabot.py-master\src\instabot.py", line 359, in get_media_id_by_tag
    all_data = json.loads(r.text)
  File "C:\Users\ADRIAN\AppData\Local\Programs\Python\Python36\lib\json\__init__.py", line 354, in loads
    return _default_decoder.decode(s)
  File "C:\Users\ADRIAN\AppData\Local\Programs\Python\Python36\lib\json\decoder.py", line 339, in decode
    obj, end = self.raw_decode(s, idx=_w(s, 0).end())
  File "C:\Users\ADRIAN\AppData\Local\Programs\Python\Python36\lib\json\decoder.py", line 357, in raw_decode
    raise JSONDecodeError("Expecting value", s, err.value) from None
json.decoder.JSONDecodeError: Expecting value: line 1 column 1 (char 0)
ERROR:root:get_media_id_by_tag
Traceback (most recent call last):
  File "C:\Users\ADRIAN\Downloads\instabot.py-master\src\instabot.py", line 359, in get_media_id_by_tag
    all_data = json.loads(r.text)
  File "C:\Users\ADRIAN\AppData\Local\Programs\Python\Python36\lib\json\__init__.py", line 354, in loads
    return _default_decoder.decode(s)
  File "C:\Users\ADRIAN\AppData\Local\Programs\Python\Python36\lib\json\decoder.py", line 339, in decode
    obj, end = self.raw_decode(s, idx=_w(s, 0).end())
  File "C:\Users\ADRIAN\AppData\Local\Programs\Python\Python36\lib\json\decoder.py", line 357, in raw_decode
    raise JSONDecodeError("Expecting value", s, err.value) from None
json.decoder.JSONDecodeError: Expecting value: line 1 column 1 (char 0)
ERROR:root:get_media_id_by_tag
Traceback (most recent call last):
  File "C:\Users\ADRIAN\Downloads\instabot.py-master\src\instabot.py", line 359, in get_media_id_by_tag
    all_data = json.loads(r.text)
  File "C:\Users\ADRIAN\AppData\Local\Programs\Python\Python36\lib\json\__init__.py", line 354, in loads
    return _default_decoder.decode(s)
  File "C:\Users\ADRIAN\AppData\Local\Programs\Python\Python36\lib\json\decoder.py", line 339, in decode
    obj, end = self.raw_decode(s, idx=_w(s, 0).end())
  File "C:\Users\ADRIAN\AppData\Local\Programs\Python\Python36\lib\json\decoder.py", line 357, in raw_decode
    raise JSONDecodeError("Expecting value", s, err.value) from None
json.decoder.JSONDecodeError: Expecting value: line 1 column 1 (char 0)
ERROR:root:get_media_id_by_tag
Traceback (most recent call last):
  File "C:\Users\ADRIAN\Downloads\instabot.py-master\src\instabot.py", line 359, in get_media_id_by_tag
    all_data = json.loads(r.text)
  File "C:\Users\ADRIAN\AppData\Local\Programs\Python\Python36\lib\json\__init__.py", line 354, in loads
    return _default_decoder.decode(s)
  File "C:\Users\ADRIAN\AppData\Local\Programs\Python\Python36\lib\json\decoder.py", line 339, in decode
    obj, end = self.raw_decode(s, idx=_w(s, 0).end())
  File "C:\Users\ADRIAN\AppData\Local\Programs\Python\Python36\lib\json\decoder.py", line 357, in raw_decode
    raise JSONDecodeError("Expecting value", s, err.value) from None
json.decoder.JSONDecodeError: Expecting value: line 1 column 1 (char 0)
ERROR:root:get_media_id_by_tag
Traceback (most recent call last):
  File "C:\Users\ADRIAN\Downloads\instabot.py-master\src\instabot.py", line 359, in get_media_id_by_tag
    all_data = json.loads(r.text)
  File "C:\Users\ADRIAN\AppData\Local\Programs\Python\Python36\lib\json\__init__.py", line 354, in loads
    return _default_decoder.decode(s)
  File "C:\Users\ADRIAN\AppData\Local\Programs\Python\Python36\lib\json\decoder.py", line 339, in decode
    obj, end = self.raw_decode(s, idx=_w(s, 0).end())
  File "C:\Users\ADRIAN\AppData\Local\Programs\Python\Python36\lib\json\decoder.py", line 357, in raw_decode
    raise JSONDecodeError("Expecting value", s, err.value) from None
json.decoder.JSONDecodeError: Expecting value: line 1 column 1 (char 0)
ERROR:root:get_media_id_by_tag
Traceback (most recent call last):
  File "C:\Users\ADRIAN\Downloads\instabot.py-master\src\instabot.py", line 359, in get_media_id_by_tag
    all_data = json.loads(r.text)
  File "C:\Users\ADRIAN\AppData\Local\Programs\Python\Python36\lib\json\__init__.py", line 354, in loads
    return _default_decoder.decode(s)
  File "C:\Users\ADRIAN\AppData\Local\Programs\Python\Python36\lib\json\decoder.py", line 339, in decode
    obj, end = self.raw_decode(s, idx=_w(s, 0).end())
  File "C:\Users\ADRIAN\AppData\Local\Programs\Python\Python36\lib\json\decoder.py", line 357, in raw_decode
    raise JSONDecodeError("Expecting value", s, err.value) from None
json.decoder.JSONDecodeError: Expecting value: line 1 column 1 (char 0)
ERROR:root:get_media_id_by_tag
Traceback (most recent call last):
  File "C:\Users\ADRIAN\Downloads\instabot.py-master\src\instabot.py", line 359, in get_media_id_by_tag
    all_data = json.loads(r.text)
  File "C:\Users\ADRIAN\AppData\Local\Programs\Python\Python36\lib\json\__init__.py", line 354, in loads
    return _default_decoder.decode(s)
  File "C:\Users\ADRIAN\AppData\Local\Programs\Python\Python36\lib\json\decoder.py", line 339, in decode
    obj, end = self.raw_decode(s, idx=_w(s, 0).end())
  File "C:\Users\ADRIAN\AppData\Local\Programs\Python\Python36\lib\json\decoder.py", line 357, in raw_decode
    raise JSONDecodeError("Expecting value", s, err.value) from None
json.decoder.JSONDecodeError: Expecting value: line 1 column 1 (char 0)
ERROR:root:get_media_id_by_tag
Traceback (most recent call last):
  File "C:\Users\ADRIAN\Downloads\instabot.py-master\src\instabot.py", line 359, in get_media_id_by_tag
    all_data = json.loads(r.text)
  File "C:\Users\ADRIAN\AppData\Local\Programs\Python\Python36\lib\json\__init__.py", line 354, in loads
    return _default_decoder.decode(s)
  File "C:\Users\ADRIAN\AppData\Local\Programs\Python\Python36\lib\json\decoder.py", line 339, in decode
    obj, end = self.raw_decode(s, idx=_w(s, 0).end())
  File "C:\Users\ADRIAN\AppData\Local\Programs\Python\Python36\lib\json\decoder.py", line 357, in raw_decode
    raise JSONDecodeError("Expecting value", s, err.value) from None
json.decoder.JSONDecodeError: Expecting value: line 1 column 1 (char 0)
ERROR:root:get_media_id_by_tag
Traceback (most recent call last):
  File "C:\Users\ADRIAN\Downloads\instabot.py-master\src\instabot.py", line 359, in get_media_id_by_tag
    all_data = json.loads(r.text)
  File "C:\Users\ADRIAN\AppData\Local\Programs\Python\Python36\lib\json\__init__.py", line 354, in loads
    return _default_decoder.decode(s)
  File "C:\Users\ADRIAN\AppData\Local\Programs\Python\Python36\lib\json\decoder.py", line 339, in decode
    obj, end = self.raw_decode(s, idx=_w(s, 0).end())
  File "C:\Users\ADRIAN\AppData\Local\Programs\Python\Python36\lib\json\decoder.py", line 357, in raw_decode
    raise JSONDecodeError("Expecting value", s, err.value) from None
json.decoder.JSONDecodeError: Expecting value: line 1 column 1 (char 0)
ERROR:root:get_media_id_by_tag
Traceback (most recent call last):
  File "C:\Users\ADRIAN\Downloads\instabot.py-master\src\instabot.py", line 359, in get_media_id_by_tag
    all_data = json.loads(r.text)
  File "C:\Users\ADRIAN\AppData\Local\Programs\Python\Python36\lib\json\__init__.py", line 354, in loads
    return _default_decoder.decode(s)
  File "C:\Users\ADRIAN\AppData\Local\Programs\Python\Python36\lib\json\decoder.py", line 339, in decode
    obj, end = self.raw_decode(s, idx=_w(s, 0).end())
  File "C:\Users\ADRIAN\AppData\Local\Programs\Python\Python36\lib\json\decoder.py", line 357, in raw_decode
    raise JSONDecodeError("Expecting value", s, err.value) from None
json.decoder.JSONDecodeError: Expecting value: line 1 column 1 (char 0)
ERROR:root:get_media_id_by_tag
Traceback (most recent call last):
  File "C:\Users\ADRIAN\Downloads\instabot.py-master\src\instabot.py", line 359, in get_media_id_by_tag
    all_data = json.loads(r.text)
  File "C:\Users\ADRIAN\AppData\Local\Programs\Python\Python36\lib\json\__init__.py", line 354, in loads
    return _default_decoder.decode(s)
  File "C:\Users\ADRIAN\AppData\Local\Programs\Python\Python36\lib\json\decoder.py", line 339, in decode
    obj, end = self.raw_decode(s, idx=_w(s, 0).end())
  File "C:\Users\ADRIAN\AppData\Local\Programs\Python\Python36\lib\json\decoder.py", line 357, in raw_decode
    raise JSONDecodeError("Expecting value", s, err.value) from None
json.decoder.JSONDecodeError: Expecting value: line 1 column 1 (char 0)
ERROR:root:get_media_id_by_tag
Traceback (most recent call last):
  File "C:\Users\ADRIAN\Downloads\instabot.py-master\src\instabot.py", line 359, in get_media_id_by_tag
    all_data = json.loads(r.text)
  File "C:\Users\ADRIAN\AppData\Local\Programs\Python\Python36\lib\json\__init__.py", line 354, in loads
    return _default_decoder.decode(s)
  File "C:\Users\ADRIAN\AppData\Local\Programs\Python\Python36\lib\json\decoder.py", line 339, in decode
    obj, end = self.raw_decode(s, idx=_w(s, 0).end())
  File "C:\Users\ADRIAN\AppData\Local\Programs\Python\Python36\lib\json\decoder.py", line 357, in raw_decode
    raise JSONDecodeError("Expecting value", s, err.value) from None
json.decoder.JSONDecodeError: Expecting value: line 1 column 1 (char 0)
ERROR:root:get_media_id_by_tag
Traceback (most recent call last):
  File "C:\Users\ADRIAN\Downloads\instabot.py-master\src\instabot.py", line 359, in get_media_id_by_tag
    all_data = json.loads(r.text)
  File "C:\Users\ADRIAN\AppData\Local\Programs\Python\Python36\lib\json\__init__.py", line 354, in loads
    return _default_decoder.decode(s)
  File "C:\Users\ADRIAN\AppData\Local\Programs\Python\Python36\lib\json\decoder.py", line 339, in decode
    obj, end = self.raw_decode(s, idx=_w(s, 0).end())
  File "C:\Users\ADRIAN\AppData\Local\Programs\Python\Python36\lib\json\decoder.py", line 357, in raw_decode
    raise JSONDecodeError("Expecting value", s, err.value) from None
json.decoder.JSONDecodeError: Expecting value: line 1 column 1 (char 0)
ERROR:root:get_media_id_by_tag
Traceback (most recent call last):
  File "C:\Users\ADRIAN\Downloads\instabot.py-master\src\instabot.py", line 359, in get_media_id_by_tag
    all_data = json.loads(r.text)
  File "C:\Users\ADRIAN\AppData\Local\Programs\Python\Python36\lib\json\__init__.py", line 354, in loads
    return _default_decoder.decode(s)
  File "C:\Users\ADRIAN\AppData\Local\Programs\Python\Python36\lib\json\decoder.py", line 339, in decode
    obj, end = self.raw_decode(s, idx=_w(s, 0).end())
  File "C:\Users\ADRIAN\AppData\Local\Programs\Python\Python36\lib\json\decoder.py", line 357, in raw_decode
    raise JSONDecodeError("Expecting value", s, err.value) from None
json.decoder.JSONDecodeError: Expecting value: line 1 column 1 (char 0)
ERROR:root:get_media_id_by_tag
Traceback (most recent call last):
  File "C:\Users\ADRIAN\Downloads\instabot.py-master\src\instabot.py", line 359, in get_media_id_by_tag
    all_data = json.loads(r.text)
  File "C:\Users\ADRIAN\AppData\Local\Programs\Python\Python36\lib\json\__init__.py", line 354, in loads
    return _default_decoder.decode(s)
  File "C:\Users\ADRIAN\AppData\Local\Programs\Python\Python36\lib\json\decoder.py", line 339, in decode
    obj, end = self.raw_decode(s, idx=_w(s, 0).end())
  File "C:\Users\ADRIAN\AppData\Local\Programs\Python\Python36\lib\json\decoder.py", line 357, in raw_decode
    raise JSONDecodeError("Expecting value", s, err.value) from None
json.decoder.JSONDecodeError: Expecting value: line 1 column 1 (char 0)
ERROR:root:get_media_id_by_tag
Traceback (most recent call last):
  File "C:\Users\ADRIAN\Downloads\instabot.py-master\src\instabot.py", line 359, in get_media_id_by_tag
    all_data = json.loads(r.text)
  File "C:\Users\ADRIAN\AppData\Local\Programs\Python\Python36\lib\json\__init__.py", line 354, in loads
    return _default_decoder.decode(s)
  File "C:\Users\ADRIAN\AppData\Local\Programs\Python\Python36\lib\json\decoder.py", line 339, in decode
    obj, end = self.raw_decode(s, idx=_w(s, 0).end())
  File "C:\Users\ADRIAN\AppData\Local\Programs\Python\Python36\lib\json\decoder.py", line 357, in raw_decode
    raise JSONDecodeError("Expecting value", s, err.value) from None
json.decoder.JSONDecodeError: Expecting value: line 1 column 1 (char 0)
ERROR:root:get_media_id_by_tag
Traceback (most recent call last):
  File "C:\Users\ADRIAN\Downloads\instabot.py-master\src\instabot.py", line 359, in get_media_id_by_tag
    all_data = json.loads(r.text)
  File "C:\Users\ADRIAN\AppData\Local\Programs\Python\Python36\lib\json\__init__.py", line 354, in loads
    return _default_decoder.decode(s)
  File "C:\Users\ADRIAN\AppData\Local\Programs\Python\Python36\lib\json\decoder.py", line 339, in decode
    obj, end = self.raw_decode(s, idx=_w(s, 0).end())
  File "C:\Users\ADRIAN\AppData\Local\Programs\Python\Python36\lib\json\decoder.py", line 357, in raw_decode
    raise JSONDecodeError("Expecting value", s, err.value) from None
json.decoder.JSONDecodeError: Expecting value: line 1 column 1 (char 0)
ERROR:root:get_media_id_by_tag
Traceback (most recent call last):
  File "C:\Users\ADRIAN\Downloads\instabot.py-master\src\instabot.py", line 359, in get_media_id_by_tag
    all_data = json.loads(r.text)
  File "C:\Users\ADRIAN\AppData\Local\Programs\Python\Python36\lib\json\__init__.py", line 354, in loads
    return _default_decoder.decode(s)
  File "C:\Users\ADRIAN\AppData\Local\Programs\Python\Python36\lib\json\decoder.py", line 339, in decode
    obj, end = self.raw_decode(s, idx=_w(s, 0).end())
  File "C:\Users\ADRIAN\AppData\Local\Programs\Python\Python36\lib\json\decoder.py", line 357, in raw_decode
    raise JSONDecodeError("Expecting value", s, err.value) from None
json.decoder.JSONDecodeError: Expecting value: line 1 column 1 (char 0)
ERROR:root:Except on like!
Traceback (most recent call last):
  File "C:\Users\ADRIAN\AppData\Local\Programs\Python\Python36\lib\site-packages\urllib3\connectionpool.py", line 601, in urlopen
    chunked=chunked)
  File "C:\Users\ADRIAN\AppData\Local\Programs\Python\Python36\lib\site-packages\urllib3\connectionpool.py", line 387, in _make_request
    six.raise_from(e, None)
  File "<string>", line 2, in raise_from
  File "C:\Users\ADRIAN\AppData\Local\Programs\Python\Python36\lib\site-packages\urllib3\connectionpool.py", line 383, in _make_request
    httplib_response = conn.getresponse()
  File "C:\Users\ADRIAN\AppData\Local\Programs\Python\Python36\lib\http\client.py", line 1331, in getresponse
    response.begin()
  File "C:\Users\ADRIAN\AppData\Local\Programs\Python\Python36\lib\http\client.py", line 297, in begin
    version, status, reason = self._read_status()
  File "C:\Users\ADRIAN\AppData\Local\Programs\Python\Python36\lib\http\client.py", line 258, in _read_status
    line = str(self.fp.readline(_MAXLINE + 1), "iso-8859-1")
  File "C:\Users\ADRIAN\AppData\Local\Programs\Python\Python36\lib\socket.py", line 586, in readinto
    return self._sock.recv_into(b)
  File "C:\Users\ADRIAN\AppData\Local\Programs\Python\Python36\lib\ssl.py", line 1009, in recv_into
    return self.read(nbytes, buffer)
  File "C:\Users\ADRIAN\AppData\Local\Programs\Python\Python36\lib\ssl.py", line 871, in read
    return self._sslobj.read(len, buffer)
  File "C:\Users\ADRIAN\AppData\Local\Programs\Python\Python36\lib\ssl.py", line 631, in read
    v = self._sslobj.read(len, buffer)
TimeoutError: [WinError 10060] Se produjo un error durante el intento de conexin ya que la parte conectada no respondi adecuadamente tras un periodo de tiempo, o bien se produjo un error en la conexin establecida ya que el host conectado no ha podido responder

During handling of the above exception, another exception occurred:

Traceback (most recent call last):
  File "C:\Users\ADRIAN\AppData\Local\Programs\Python\Python36\lib\site-packages\requests\adapters.py", line 440, in send
    timeout=timeout
  File "C:\Users\ADRIAN\AppData\Local\Programs\Python\Python36\lib\site-packages\urllib3\connectionpool.py", line 639, in urlopen
    _stacktrace=sys.exc_info()[2])
  File "C:\Users\ADRIAN\AppData\Local\Programs\Python\Python36\lib\site-packages\urllib3\util\retry.py", line 357, in increment
    raise six.reraise(type(error), error, _stacktrace)
  File "C:\Users\ADRIAN\AppData\Local\Programs\Python\Python36\lib\site-packages\urllib3\packages\six.py", line 685, in reraise
    raise value.with_traceback(tb)
  File "C:\Users\ADRIAN\AppData\Local\Programs\Python\Python36\lib\site-packages\urllib3\connectionpool.py", line 601, in urlopen
    chunked=chunked)
  File "C:\Users\ADRIAN\AppData\Local\Programs\Python\Python36\lib\site-packages\urllib3\connectionpool.py", line 387, in _make_request
    six.raise_from(e, None)
  File "<string>", line 2, in raise_from
  File "C:\Users\ADRIAN\AppData\Local\Programs\Python\Python36\lib\site-packages\urllib3\connectionpool.py", line 383, in _make_request
    httplib_response = conn.getresponse()
  File "C:\Users\ADRIAN\AppData\Local\Programs\Python\Python36\lib\http\client.py", line 1331, in getresponse
    response.begin()
  File "C:\Users\ADRIAN\AppData\Local\Programs\Python\Python36\lib\http\client.py", line 297, in begin
    version, status, reason = self._read_status()
  File "C:\Users\ADRIAN\AppData\Local\Programs\Python\Python36\lib\http\client.py", line 258, in _read_status
    line = str(self.fp.readline(_MAXLINE + 1), "iso-8859-1")
  File "C:\Users\ADRIAN\AppData\Local\Programs\Python\Python36\lib\socket.py", line 586, in readinto
    return self._sock.recv_into(b)
  File "C:\Users\ADRIAN\AppData\Local\Programs\Python\Python36\lib\ssl.py", line 1009, in recv_into
    return self.read(nbytes, buffer)
  File "C:\Users\ADRIAN\AppData\Local\Programs\Python\Python36\lib\ssl.py", line 871, in read
    return self._sslobj.read(len, buffer)
  File "C:\Users\ADRIAN\AppData\Local\Programs\Python\Python36\lib\ssl.py", line 631, in read
    v = self._sslobj.read(len, buffer)
urllib3.exceptions.ProtocolError: ('Connection aborted.', TimeoutError(10060, 'Se produjo un error durante el intento de conexin ya que la parte conectada no respondi adecuadamente tras un periodo de tiempo, o bien se produjo un error en la conexin establecida ya que el host conectado no ha podido responder', None, 10060, None))

During handling of the above exception, another exception occurred:

Traceback (most recent call last):
  File "C:\Users\ADRIAN\Downloads\instabot.py-master\src\instabot.py", line 571, in like
    like = self.s.post(url_likes)
  File "C:\Users\ADRIAN\AppData\Local\Programs\Python\Python36\lib\site-packages\requests\sessions.py", line 555, in post
    return self.request('POST', url, data=data, json=json, **kwargs)
  File "C:\Users\ADRIAN\AppData\Local\Programs\Python\Python36\lib\site-packages\requests\sessions.py", line 508, in request
    resp = self.send(prep, **send_kwargs)
  File "C:\Users\ADRIAN\AppData\Local\Programs\Python\Python36\lib\site-packages\requests\sessions.py", line 618, in send
    r = adapter.send(request, **kwargs)
  File "C:\Users\ADRIAN\AppData\Local\Programs\Python\Python36\lib\site-packages\requests\adapters.py", line 490, in send
    raise ConnectionError(err, request=request)
requests.exceptions.ConnectionError: ('Connection aborted.', TimeoutError(10060, 'Se produjo un error durante el intento de conexin ya que la parte conectada no respondi adecuadamente tras un periodo de tiempo, o bien se produjo un error en la conexin establecida ya que el host conectado no ha podido responder', None, 10060, None))
ERROR:root:Except on like!
Traceback (most recent call last):
  File "C:\Users\ADRIAN\AppData\Local\Programs\Python\Python36\lib\site-packages\urllib3\connectionpool.py", line 601, in urlopen
    chunked=chunked)
  File "C:\Users\ADRIAN\AppData\Local\Programs\Python\Python36\lib\site-packages\urllib3\connectionpool.py", line 387, in _make_request
    six.raise_from(e, None)
  File "<string>", line 2, in raise_from
  File "C:\Users\ADRIAN\AppData\Local\Programs\Python\Python36\lib\site-packages\urllib3\connectionpool.py", line 383, in _make_request
    httplib_response = conn.getresponse()
  File "C:\Users\ADRIAN\AppData\Local\Programs\Python\Python36\lib\http\client.py", line 1331, in getresponse
    response.begin()
  File "C:\Users\ADRIAN\AppData\Local\Programs\Python\Python36\lib\http\client.py", line 297, in begin
    version, status, reason = self._read_status()
  File "C:\Users\ADRIAN\AppData\Local\Programs\Python\Python36\lib\http\client.py", line 258, in _read_status
    line = str(self.fp.readline(_MAXLINE + 1), "iso-8859-1")
  File "C:\Users\ADRIAN\AppData\Local\Programs\Python\Python36\lib\socket.py", line 586, in readinto
    return self._sock.recv_into(b)
  File "C:\Users\ADRIAN\AppData\Local\Programs\Python\Python36\lib\ssl.py", line 1009, in recv_into
    return self.read(nbytes, buffer)
  File "C:\Users\ADRIAN\AppData\Local\Programs\Python\Python36\lib\ssl.py", line 871, in read
    return self._sslobj.read(len, buffer)
  File "C:\Users\ADRIAN\AppData\Local\Programs\Python\Python36\lib\ssl.py", line 631, in read
    v = self._sslobj.read(len, buffer)
TimeoutError: [WinError 10060] Se produjo un error durante el intento de conexin ya que la parte conectada no respondi adecuadamente tras un periodo de tiempo, o bien se produjo un error en la conexin establecida ya que el host conectado no ha podido responder

During handling of the above exception, another exception occurred:

Traceback (most recent call last):
  File "C:\Users\ADRIAN\AppData\Local\Programs\Python\Python36\lib\site-packages\requests\adapters.py", line 440, in send
    timeout=timeout
  File "C:\Users\ADRIAN\AppData\Local\Programs\Python\Python36\lib\site-packages\urllib3\connectionpool.py", line 639, in urlopen
    _stacktrace=sys.exc_info()[2])
  File "C:\Users\ADRIAN\AppData\Local\Programs\Python\Python36\lib\site-packages\urllib3\util\retry.py", line 357, in increment
    raise six.reraise(type(error), error, _stacktrace)
  File "C:\Users\ADRIAN\AppData\Local\Programs\Python\Python36\lib\site-packages\urllib3\packages\six.py", line 685, in reraise
    raise value.with_traceback(tb)
  File "C:\Users\ADRIAN\AppData\Local\Programs\Python\Python36\lib\site-packages\urllib3\connectionpool.py", line 601, in urlopen
    chunked=chunked)
  File "C:\Users\ADRIAN\AppData\Local\Programs\Python\Python36\lib\site-packages\urllib3\connectionpool.py", line 387, in _make_request
    six.raise_from(e, None)
  File "<string>", line 2, in raise_from
  File "C:\Users\ADRIAN\AppData\Local\Programs\Python\Python36\lib\site-packages\urllib3\connectionpool.py", line 383, in _make_request
    httplib_response = conn.getresponse()
  File "C:\Users\ADRIAN\AppData\Local\Programs\Python\Python36\lib\http\client.py", line 1331, in getresponse
    response.begin()
  File "C:\Users\ADRIAN\AppData\Local\Programs\Python\Python36\lib\http\client.py", line 297, in begin
    version, status, reason = self._read_status()
  File "C:\Users\ADRIAN\AppData\Local\Programs\Python\Python36\lib\http\client.py", line 258, in _read_status
    line = str(self.fp.readline(_MAXLINE + 1), "iso-8859-1")
  File "C:\Users\ADRIAN\AppData\Local\Programs\Python\Python36\lib\socket.py", line 586, in readinto
    return self._sock.recv_into(b)
  File "C:\Users\ADRIAN\AppData\Local\Programs\Python\Python36\lib\ssl.py", line 1009, in recv_into
    return self.read(nbytes, buffer)
  File "C:\Users\ADRIAN\AppData\Local\Programs\Python\Python36\lib\ssl.py", line 871, in read
    return self._sslobj.read(len, buffer)
  File "C:\Users\ADRIAN\AppData\Local\Programs\Python\Python36\lib\ssl.py", line 631, in read
    v = self._sslobj.read(len, buffer)
urllib3.exceptions.ProtocolError: ('Connection aborted.', TimeoutError(10060, 'Se produjo un error durante el intento de conexin ya que la parte conectada no respondi adecuadamente tras un periodo de tiempo, o bien se produjo un error en la conexin establecida ya que el host conectado no ha podido responder', None, 10060, None))

During handling of the above exception, another exception occurred:

Traceback (most recent call last):
  File "C:\Users\ADRIAN\Downloads\instabot.py-master\src\instabot.py", line 571, in like
    like = self.s.post(url_likes)
  File "C:\Users\ADRIAN\AppData\Local\Programs\Python\Python36\lib\site-packages\requests\sessions.py", line 555, in post
    return self.request('POST', url, data=data, json=json, **kwargs)
  File "C:\Users\ADRIAN\AppData\Local\Programs\Python\Python36\lib\site-packages\requests\sessions.py", line 508, in request
    resp = self.send(prep, **send_kwargs)
  File "C:\Users\ADRIAN\AppData\Local\Programs\Python\Python36\lib\site-packages\requests\sessions.py", line 618, in send
    r = adapter.send(request, **kwargs)
  File "C:\Users\ADRIAN\AppData\Local\Programs\Python\Python36\lib\site-packages\requests\adapters.py", line 490, in send
    raise ConnectionError(err, request=request)
requests.exceptions.ConnectionError: ('Connection aborted.', TimeoutError(10060, 'Se produjo un error durante el intento de conexin ya que la parte conectada no respondi adecuadamente tras un periodo de tiempo, o bien se produjo un error en la conexin establecida ya que el host conectado no ha podido responder', None, 10060, None))
ERROR:root:Except on like!
Traceback (most recent call last):
  File "C:\Users\ADRIAN\AppData\Local\Programs\Python\Python36\lib\site-packages\urllib3\connection.py", line 141, in _new_conn
    (self.host, self.port), self.timeout, **extra_kw)
  File "C:\Users\ADRIAN\AppData\Local\Programs\Python\Python36\lib\site-packages\urllib3\util\connection.py", line 60, in create_connection
    for res in socket.getaddrinfo(host, port, family, socket.SOCK_STREAM):
  File "C:\Users\ADRIAN\AppData\Local\Programs\Python\Python36\lib\socket.py", line 745, in getaddrinfo
    for res in _socket.getaddrinfo(host, port, family, type, proto, flags):
socket.gaierror: [Errno 11001] getaddrinfo failed

During handling of the above exception, another exception occurred:

Traceback (most recent call last):
  File "C:\Users\ADRIAN\AppData\Local\Programs\Python\Python36\lib\site-packages\urllib3\connectionpool.py", line 601, in urlopen
    chunked=chunked)
  File "C:\Users\ADRIAN\AppData\Local\Programs\Python\Python36\lib\site-packages\urllib3\connectionpool.py", line 346, in _make_request
    self._validate_conn(conn)
  File "C:\Users\ADRIAN\AppData\Local\Programs\Python\Python36\lib\site-packages\urllib3\connectionpool.py", line 850, in _validate_conn
    conn.connect()
  File "C:\Users\ADRIAN\AppData\Local\Programs\Python\Python36\lib\site-packages\urllib3\connection.py", line 284, in connect
    conn = self._new_conn()
  File "C:\Users\ADRIAN\AppData\Local\Programs\Python\Python36\lib\site-packages\urllib3\connection.py", line 150, in _new_conn
    self, "Failed to establish a new connection: %s" % e)
urllib3.exceptions.NewConnectionError: <urllib3.connection.VerifiedHTTPSConnection object at 0x0000010F21AB7710>: Failed to establish a new connection: [Errno 11001] getaddrinfo failed

During handling of the above exception, another exception occurred:

Traceback (most recent call last):
  File "C:\Users\ADRIAN\AppData\Local\Programs\Python\Python36\lib\site-packages\requests\adapters.py", line 440, in send
    timeout=timeout
  File "C:\Users\ADRIAN\AppData\Local\Programs\Python\Python36\lib\site-packages\urllib3\connectionpool.py", line 639, in urlopen
    _stacktrace=sys.exc_info()[2])
  File "C:\Users\ADRIAN\AppData\Local\Programs\Python\Python36\lib\site-packages\urllib3\util\retry.py", line 388, in increment
    raise MaxRetryError(_pool, url, error or ResponseError(cause))
urllib3.exceptions.MaxRetryError: HTTPSConnectionPool(host='www.instagram.com', port=443): Max retries exceeded with url: /web/likes/1802932932501675254/like/ (Caused by NewConnectionError('<urllib3.connection.VerifiedHTTPSConnection object at 0x0000010F21AB7710>: Failed to establish a new connection: [Errno 11001] getaddrinfo failed',))

During handling of the above exception, another exception occurred:

Traceback (most recent call last):
  File "C:\Users\ADRIAN\Downloads\instabot.py-master\src\instabot.py", line 571, in like
    like = self.s.post(url_likes)
  File "C:\Users\ADRIAN\AppData\Local\Programs\Python\Python36\lib\site-packages\requests\sessions.py", line 555, in post
    return self.request('POST', url, data=data, json=json, **kwargs)
  File "C:\Users\ADRIAN\AppData\Local\Programs\Python\Python36\lib\site-packages\requests\sessions.py", line 508, in request
    resp = self.send(prep, **send_kwargs)
  File "C:\Users\ADRIAN\AppData\Local\Programs\Python\Python36\lib\site-packages\requests\sessions.py", line 618, in send
    r = adapter.send(request, **kwargs)
  File "C:\Users\ADRIAN\AppData\Local\Programs\Python\Python36\lib\site-packages\requests\adapters.py", line 508, in send
    raise ConnectionError(e, request=request)
requests.exceptions.ConnectionError: HTTPSConnectionPool(host='www.instagram.com', port=443): Max retries exceeded with url: /web/likes/1802932932501675254/like/ (Caused by NewConnectionError('<urllib3.connection.VerifiedHTTPSConnection object at 0x0000010F21AB7710>: Failed to establish a new connection: [Errno 11001] getaddrinfo failed',))
ERROR:root:Except on like!
Traceback (most recent call last):
  File "C:\Users\ADRIAN\AppData\Local\Programs\Python\Python36\lib\site-packages\urllib3\connection.py", line 141, in _new_conn
    (self.host, self.port), self.timeout, **extra_kw)
  File "C:\Users\ADRIAN\AppData\Local\Programs\Python\Python36\lib\site-packages\urllib3\util\connection.py", line 60, in create_connection
    for res in socket.getaddrinfo(host, port, family, socket.SOCK_STREAM):
  File "C:\Users\ADRIAN\AppData\Local\Programs\Python\Python36\lib\socket.py", line 745, in getaddrinfo
    for res in _socket.getaddrinfo(host, port, family, type, proto, flags):
socket.gaierror: [Errno 11001] getaddrinfo failed

During handling of the above exception, another exception occurred:

Traceback (most recent call last):
  File "C:\Users\ADRIAN\AppData\Local\Programs\Python\Python36\lib\site-packages\urllib3\connectionpool.py", line 601, in urlopen
    chunked=chunked)
  File "C:\Users\ADRIAN\AppData\Local\Programs\Python\Python36\lib\site-packages\urllib3\connectionpool.py", line 346, in _make_request
    self._validate_conn(conn)
  File "C:\Users\ADRIAN\AppData\Local\Programs\Python\Python36\lib\site-packages\urllib3\connectionpool.py", line 850, in _validate_conn
    conn.connect()
  File "C:\Users\ADRIAN\AppData\Local\Programs\Python\Python36\lib\site-packages\urllib3\connection.py", line 284, in connect
    conn = self._new_conn()
  File "C:\Users\ADRIAN\AppData\Local\Programs\Python\Python36\lib\site-packages\urllib3\connection.py", line 150, in _new_conn
    self, "Failed to establish a new connection: %s" % e)
urllib3.exceptions.NewConnectionError: <urllib3.connection.VerifiedHTTPSConnection object at 0x0000010F21AE8400>: Failed to establish a new connection: [Errno 11001] getaddrinfo failed

During handling of the above exception, another exception occurred:

Traceback (most recent call last):
  File "C:\Users\ADRIAN\AppData\Local\Programs\Python\Python36\lib\site-packages\requests\adapters.py", line 440, in send
    timeout=timeout
  File "C:\Users\ADRIAN\AppData\Local\Programs\Python\Python36\lib\site-packages\urllib3\connectionpool.py", line 639, in urlopen
    _stacktrace=sys.exc_info()[2])
  File "C:\Users\ADRIAN\AppData\Local\Programs\Python\Python36\lib\site-packages\urllib3\util\retry.py", line 388, in increment
    raise MaxRetryError(_pool, url, error or ResponseError(cause))
urllib3.exceptions.MaxRetryError: HTTPSConnectionPool(host='www.instagram.com', port=443): Max retries exceeded with url: /web/likes/1802932899364924299/like/ (Caused by NewConnectionError('<urllib3.connection.VerifiedHTTPSConnection object at 0x0000010F21AE8400>: Failed to establish a new connection: [Errno 11001] getaddrinfo failed',))

During handling of the above exception, another exception occurred:

Traceback (most recent call last):
  File "C:\Users\ADRIAN\Downloads\instabot.py-master\src\instabot.py", line 571, in like
    like = self.s.post(url_likes)
  File "C:\Users\ADRIAN\AppData\Local\Programs\Python\Python36\lib\site-packages\requests\sessions.py", line 555, in post
    return self.request('POST', url, data=data, json=json, **kwargs)
  File "C:\Users\ADRIAN\AppData\Local\Programs\Python\Python36\lib\site-packages\requests\sessions.py", line 508, in request
    resp = self.send(prep, **send_kwargs)
  File "C:\Users\ADRIAN\AppData\Local\Programs\Python\Python36\lib\site-packages\requests\sessions.py", line 618, in send
    r = adapter.send(request, **kwargs)
  File "C:\Users\ADRIAN\AppData\Local\Programs\Python\Python36\lib\site-packages\requests\adapters.py", line 508, in send
    raise ConnectionError(e, request=request)
requests.exceptions.ConnectionError: HTTPSConnectionPool(host='www.instagram.com', port=443): Max retries exceeded with url: /web/likes/1802932899364924299/like/ (Caused by NewConnectionError('<urllib3.connection.VerifiedHTTPSConnection object at 0x0000010F21AE8400>: Failed to establish a new connection: [Errno 11001] getaddrinfo failed',))
ERROR:root:Except on like!
Traceback (most recent call last):
  File "C:\Users\ADRIAN\AppData\Local\Programs\Python\Python36\lib\site-packages\urllib3\connection.py", line 141, in _new_conn
    (self.host, self.port), self.timeout, **extra_kw)
  File "C:\Users\ADRIAN\AppData\Local\Programs\Python\Python36\lib\site-packages\urllib3\util\connection.py", line 60, in create_connection
    for res in socket.getaddrinfo(host, port, family, socket.SOCK_STREAM):
  File "C:\Users\ADRIAN\AppData\Local\Programs\Python\Python36\lib\socket.py", line 745, in getaddrinfo
    for res in _socket.getaddrinfo(host, port, family, type, proto, flags):
socket.gaierror: [Errno 11001] getaddrinfo failed

During handling of the above exception, another exception occurred:

Traceback (most recent call last):
  File "C:\Users\ADRIAN\AppData\Local\Programs\Python\Python36\lib\site-packages\urllib3\connectionpool.py", line 601, in urlopen
    chunked=chunked)
  File "C:\Users\ADRIAN\AppData\Local\Programs\Python\Python36\lib\site-packages\urllib3\connectionpool.py", line 346, in _make_request
    self._validate_conn(conn)
  File "C:\Users\ADRIAN\AppData\Local\Programs\Python\Python36\lib\site-packages\urllib3\connectionpool.py", line 850, in _validate_conn
    conn.connect()
  File "C:\Users\ADRIAN\AppData\Local\Programs\Python\Python36\lib\site-packages\urllib3\connection.py", line 284, in connect
    conn = self._new_conn()
  File "C:\Users\ADRIAN\AppData\Local\Programs\Python\Python36\lib\site-packages\urllib3\connection.py", line 150, in _new_conn
    self, "Failed to establish a new connection: %s" % e)
urllib3.exceptions.NewConnectionError: <urllib3.connection.VerifiedHTTPSConnection object at 0x0000010F21AE87F0>: Failed to establish a new connection: [Errno 11001] getaddrinfo failed

During handling of the above exception, another exception occurred:

Traceback (most recent call last):
  File "C:\Users\ADRIAN\AppData\Local\Programs\Python\Python36\lib\site-packages\requests\adapters.py", line 440, in send
    timeout=timeout
  File "C:\Users\ADRIAN\AppData\Local\Programs\Python\Python36\lib\site-packages\urllib3\connectionpool.py", line 639, in urlopen
    _stacktrace=sys.exc_info()[2])
  File "C:\Users\ADRIAN\AppData\Local\Programs\Python\Python36\lib\site-packages\urllib3\util\retry.py", line 388, in increment
    raise MaxRetryError(_pool, url, error or ResponseError(cause))
urllib3.exceptions.MaxRetryError: HTTPSConnectionPool(host='www.instagram.com', port=443): Max retries exceeded with url: /web/likes/1802930013785116783/like/ (Caused by NewConnectionError('<urllib3.connection.VerifiedHTTPSConnection object at 0x0000010F21AE87F0>: Failed to establish a new connection: [Errno 11001] getaddrinfo failed',))

During handling of the above exception, another exception occurred:

Traceback (most recent call last):
  File "C:\Users\ADRIAN\Downloads\instabot.py-master\src\instabot.py", line 571, in like
    like = self.s.post(url_likes)
  File "C:\Users\ADRIAN\AppData\Local\Programs\Python\Python36\lib\site-packages\requests\sessions.py", line 555, in post
    return self.request('POST', url, data=data, json=json, **kwargs)
  File "C:\Users\ADRIAN\AppData\Local\Programs\Python\Python36\lib\site-packages\requests\sessions.py", line 508, in request
    resp = self.send(prep, **send_kwargs)
  File "C:\Users\ADRIAN\AppData\Local\Programs\Python\Python36\lib\site-packages\requests\sessions.py", line 618, in send
    r = adapter.send(request, **kwargs)
  File "C:\Users\ADRIAN\AppData\Local\Programs\Python\Python36\lib\site-packages\requests\adapters.py", line 508, in send
    raise ConnectionError(e, request=request)
requests.exceptions.ConnectionError: HTTPSConnectionPool(host='www.instagram.com', port=443): Max retries exceeded with url: /web/likes/1802930013785116783/like/ (Caused by NewConnectionError('<urllib3.connection.VerifiedHTTPSConnection object at 0x0000010F21AE87F0>: Failed to establish a new connection: [Errno 11001] getaddrinfo failed',))
ERROR:root:Except on like!
Traceback (most recent call last):
  File "C:\Users\ADRIAN\AppData\Local\Programs\Python\Python36\lib\site-packages\urllib3\connection.py", line 141, in _new_conn
    (self.host, self.port), self.timeout, **extra_kw)
  File "C:\Users\ADRIAN\AppData\Local\Programs\Python\Python36\lib\site-packages\urllib3\util\connection.py", line 60, in create_connection
    for res in socket.getaddrinfo(host, port, family, socket.SOCK_STREAM):
  File "C:\Users\ADRIAN\AppData\Local\Programs\Python\Python36\lib\socket.py", line 745, in getaddrinfo
    for res in _socket.getaddrinfo(host, port, family, type, proto, flags):
socket.gaierror: [Errno 11001] getaddrinfo failed

During handling of the above exception, another exception occurred:

Traceback (most recent call last):
  File "C:\Users\ADRIAN\AppData\Local\Programs\Python\Python36\lib\site-packages\urllib3\connectionpool.py", line 601, in urlopen
    chunked=chunked)
  File "C:\Users\ADRIAN\AppData\Local\Programs\Python\Python36\lib\site-packages\urllib3\connectionpool.py", line 346, in _make_request
    self._validate_conn(conn)
  File "C:\Users\ADRIAN\AppData\Local\Programs\Python\Python36\lib\site-packages\urllib3\connectionpool.py", line 850, in _validate_conn
    conn.connect()
  File "C:\Users\ADRIAN\AppData\Local\Programs\Python\Python36\lib\site-packages\urllib3\connection.py", line 284, in connect
    conn = self._new_conn()
  File "C:\Users\ADRIAN\AppData\Local\Programs\Python\Python36\lib\site-packages\urllib3\connection.py", line 150, in _new_conn
    self, "Failed to establish a new connection: %s" % e)
urllib3.exceptions.NewConnectionError: <urllib3.connection.VerifiedHTTPSConnection object at 0x0000010F21AE8748>: Failed to establish a new connection: [Errno 11001] getaddrinfo failed

During handling of the above exception, another exception occurred:

Traceback (most recent call last):
  File "C:\Users\ADRIAN\AppData\Local\Programs\Python\Python36\lib\site-packages\requests\adapters.py", line 440, in send
    timeout=timeout
  File "C:\Users\ADRIAN\AppData\Local\Programs\Python\Python36\lib\site-packages\urllib3\connectionpool.py", line 639, in urlopen
    _stacktrace=sys.exc_info()[2])
  File "C:\Users\ADRIAN\AppData\Local\Programs\Python\Python36\lib\site-packages\urllib3\util\retry.py", line 388, in increment
    raise MaxRetryError(_pool, url, error or ResponseError(cause))
urllib3.exceptions.MaxRetryError: HTTPSConnectionPool(host='www.instagram.com', port=443): Max retries exceeded with url: /web/likes/1802929748957874750/like/ (Caused by NewConnectionError('<urllib3.connection.VerifiedHTTPSConnection object at 0x0000010F21AE8748>: Failed to establish a new connection: [Errno 11001] getaddrinfo failed',))

During handling of the above exception, another exception occurred:

Traceback (most recent call last):
  File "C:\Users\ADRIAN\Downloads\instabot.py-master\src\instabot.py", line 571, in like
    like = self.s.post(url_likes)
  File "C:\Users\ADRIAN\AppData\Local\Programs\Python\Python36\lib\site-packages\requests\sessions.py", line 555, in post
    return self.request('POST', url, data=data, json=json, **kwargs)
  File "C:\Users\ADRIAN\AppData\Local\Programs\Python\Python36\lib\site-packages\requests\sessions.py", line 508, in request
    resp = self.send(prep, **send_kwargs)
  File "C:\Users\ADRIAN\AppData\Local\Programs\Python\Python36\lib\site-packages\requests\sessions.py", line 618, in send
    r = adapter.send(request, **kwargs)
  File "C:\Users\ADRIAN\AppData\Local\Programs\Python\Python36\lib\site-packages\requests\adapters.py", line 508, in send
    raise ConnectionError(e, request=request)
requests.exceptions.ConnectionError: HTTPSConnectionPool(host='www.instagram.com', port=443): Max retries exceeded with url: /web/likes/1802929748957874750/like/ (Caused by NewConnectionError('<urllib3.connection.VerifiedHTTPSConnection object at 0x0000010F21AE8748>: Failed to establish a new connection: [Errno 11001] getaddrinfo failed',))
ERROR:root:Except on like!
Traceback (most recent call last):
  File "C:\Users\ADRIAN\AppData\Local\Programs\Python\Python36\lib\site-packages\urllib3\connection.py", line 141, in _new_conn
    (self.host, self.port), self.timeout, **extra_kw)
  File "C:\Users\ADRIAN\AppData\Local\Programs\Python\Python36\lib\site-packages\urllib3\util\connection.py", line 60, in create_connection
    for res in socket.getaddrinfo(host, port, family, socket.SOCK_STREAM):
  File "C:\Users\ADRIAN\AppData\Local\Programs\Python\Python36\lib\socket.py", line 745, in getaddrinfo
    for res in _socket.getaddrinfo(host, port, family, type, proto, flags):
socket.gaierror: [Errno 11001] getaddrinfo failed

During handling of the above exception, another exception occurred:

Traceback (most recent call last):
  File "C:\Users\ADRIAN\AppData\Local\Programs\Python\Python36\lib\site-packages\urllib3\connectionpool.py", line 601, in urlopen
    chunked=chunked)
  File "C:\Users\ADRIAN\AppData\Local\Programs\Python\Python36\lib\site-packages\urllib3\connectionpool.py", line 346, in _make_request
    self._validate_conn(conn)
  File "C:\Users\ADRIAN\AppData\Local\Programs\Python\Python36\lib\site-packages\urllib3\connectionpool.py", line 850, in _validate_conn
    conn.connect()
  File "C:\Users\ADRIAN\AppData\Local\Programs\Python\Python36\lib\site-packages\urllib3\connection.py", line 284, in connect
    conn = self._new_conn()
  File "C:\Users\ADRIAN\AppData\Local\Programs\Python\Python36\lib\site-packages\urllib3\connection.py", line 150, in _new_conn
    self, "Failed to establish a new connection: %s" % e)
urllib3.exceptions.NewConnectionError: <urllib3.connection.VerifiedHTTPSConnection object at 0x0000010F21AD9CC0>: Failed to establish a new connection: [Errno 11001] getaddrinfo failed

During handling of the above exception, another exception occurred:

Traceback (most recent call last):
  File "C:\Users\ADRIAN\AppData\Local\Programs\Python\Python36\lib\site-packages\requests\adapters.py", line 440, in send
    timeout=timeout
  File "C:\Users\ADRIAN\AppData\Local\Programs\Python\Python36\lib\site-packages\urllib3\connectionpool.py", line 639, in urlopen
    _stacktrace=sys.exc_info()[2])
  File "C:\Users\ADRIAN\AppData\Local\Programs\Python\Python36\lib\site-packages\urllib3\util\retry.py", line 388, in increment
    raise MaxRetryError(_pool, url, error or ResponseError(cause))
urllib3.exceptions.MaxRetryError: HTTPSConnectionPool(host='www.instagram.com', port=443): Max retries exceeded with url: /web/likes/1802927365785988474/like/ (Caused by NewConnectionError('<urllib3.connection.VerifiedHTTPSConnection object at 0x0000010F21AD9CC0>: Failed to establish a new connection: [Errno 11001] getaddrinfo failed',))

During handling of the above exception, another exception occurred:

Traceback (most recent call last):
  File "C:\Users\ADRIAN\Downloads\instabot.py-master\src\instabot.py", line 571, in like
    like = self.s.post(url_likes)
  File "C:\Users\ADRIAN\AppData\Local\Programs\Python\Python36\lib\site-packages\requests\sessions.py", line 555, in post
    return self.request('POST', url, data=data, json=json, **kwargs)
  File "C:\Users\ADRIAN\AppData\Local\Programs\Python\Python36\lib\site-packages\requests\sessions.py", line 508, in request
    resp = self.send(prep, **send_kwargs)
  File "C:\Users\ADRIAN\AppData\Local\Programs\Python\Python36\lib\site-packages\requests\sessions.py", line 618, in send
    r = adapter.send(request, **kwargs)
  File "C:\Users\ADRIAN\AppData\Local\Programs\Python\Python36\lib\site-packages\requests\adapters.py", line 508, in send
    raise ConnectionError(e, request=request)
requests.exceptions.ConnectionError: HTTPSConnectionPool(host='www.instagram.com', port=443): Max retries exceeded with url: /web/likes/1802927365785988474/like/ (Caused by NewConnectionError('<urllib3.connection.VerifiedHTTPSConnection object at 0x0000010F21AD9CC0>: Failed to establish a new connection: [Errno 11001] getaddrinfo failed',))
ERROR:root:Except on like!
Traceback (most recent call last):
  File "C:\Users\ADRIAN\AppData\Local\Programs\Python\Python36\lib\site-packages\urllib3\connectionpool.py", line 601, in urlopen
    chunked=chunked)
  File "C:\Users\ADRIAN\AppData\Local\Programs\Python\Python36\lib\site-packages\urllib3\connectionpool.py", line 387, in _make_request
    six.raise_from(e, None)
  File "<string>", line 2, in raise_from
  File "C:\Users\ADRIAN\AppData\Local\Programs\Python\Python36\lib\site-packages\urllib3\connectionpool.py", line 383, in _make_request
    httplib_response = conn.getresponse()
  File "C:\Users\ADRIAN\AppData\Local\Programs\Python\Python36\lib\http\client.py", line 1331, in getresponse
    response.begin()
  File "C:\Users\ADRIAN\AppData\Local\Programs\Python\Python36\lib\http\client.py", line 297, in begin
    version, status, reason = self._read_status()
  File "C:\Users\ADRIAN\AppData\Local\Programs\Python\Python36\lib\http\client.py", line 258, in _read_status
    line = str(self.fp.readline(_MAXLINE + 1), "iso-8859-1")
  File "C:\Users\ADRIAN\AppData\Local\Programs\Python\Python36\lib\socket.py", line 586, in readinto
    return self._sock.recv_into(b)
  File "C:\Users\ADRIAN\AppData\Local\Programs\Python\Python36\lib\ssl.py", line 1009, in recv_into
    return self.read(nbytes, buffer)
  File "C:\Users\ADRIAN\AppData\Local\Programs\Python\Python36\lib\ssl.py", line 871, in read
    return self._sslobj.read(len, buffer)
  File "C:\Users\ADRIAN\AppData\Local\Programs\Python\Python36\lib\ssl.py", line 631, in read
    v = self._sslobj.read(len, buffer)
TimeoutError: [WinError 10060] Se produjo un error durante el intento de conexin ya que la parte conectada no respondi adecuadamente tras un periodo de tiempo, o bien se produjo un error en la conexin establecida ya que el host conectado no ha podido responder

During handling of the above exception, another exception occurred:

Traceback (most recent call last):
  File "C:\Users\ADRIAN\AppData\Local\Programs\Python\Python36\lib\site-packages\requests\adapters.py", line 440, in send
    timeout=timeout
  File "C:\Users\ADRIAN\AppData\Local\Programs\Python\Python36\lib\site-packages\urllib3\connectionpool.py", line 639, in urlopen
    _stacktrace=sys.exc_info()[2])
  File "C:\Users\ADRIAN\AppData\Local\Programs\Python\Python36\lib\site-packages\urllib3\util\retry.py", line 357, in increment
    raise six.reraise(type(error), error, _stacktrace)
  File "C:\Users\ADRIAN\AppData\Local\Programs\Python\Python36\lib\site-packages\urllib3\packages\six.py", line 685, in reraise
    raise value.with_traceback(tb)
  File "C:\Users\ADRIAN\AppData\Local\Programs\Python\Python36\lib\site-packages\urllib3\connectionpool.py", line 601, in urlopen
    chunked=chunked)
  File "C:\Users\ADRIAN\AppData\Local\Programs\Python\Python36\lib\site-packages\urllib3\connectionpool.py", line 387, in _make_request
    six.raise_from(e, None)
  File "<string>", line 2, in raise_from
  File "C:\Users\ADRIAN\AppData\Local\Programs\Python\Python36\lib\site-packages\urllib3\connectionpool.py", line 383, in _make_request
    httplib_response = conn.getresponse()
  File "C:\Users\ADRIAN\AppData\Local\Programs\Python\Python36\lib\http\client.py", line 1331, in getresponse
    response.begin()
  File "C:\Users\ADRIAN\AppData\Local\Programs\Python\Python36\lib\http\client.py", line 297, in begin
    version, status, reason = self._read_status()
  File "C:\Users\ADRIAN\AppData\Local\Programs\Python\Python36\lib\http\client.py", line 258, in _read_status
    line = str(self.fp.readline(_MAXLINE + 1), "iso-8859-1")
  File "C:\Users\ADRIAN\AppData\Local\Programs\Python\Python36\lib\socket.py", line 586, in readinto
    return self._sock.recv_into(b)
  File "C:\Users\ADRIAN\AppData\Local\Programs\Python\Python36\lib\ssl.py", line 1009, in recv_into
    return self.read(nbytes, buffer)
  File "C:\Users\ADRIAN\AppData\Local\Programs\Python\Python36\lib\ssl.py", line 871, in read
    return self._sslobj.read(len, buffer)
  File "C:\Users\ADRIAN\AppData\Local\Programs\Python\Python36\lib\ssl.py", line 631, in read
    v = self._sslobj.read(len, buffer)
urllib3.exceptions.ProtocolError: ('Connection aborted.', TimeoutError(10060, 'Se produjo un error durante el intento de conexin ya que la parte conectada no respondi adecuadamente tras un periodo de tiempo, o bien se produjo un error en la conexin establecida ya que el host conectado no ha podido responder', None, 10060, None))

During handling of the above exception, another exception occurred:

Traceback (most recent call last):
  File "C:\Users\ADRIAN\Downloads\instabot.py-master\src\instabot.py", line 571, in like
    like = self.s.post(url_likes)
  File "C:\Users\ADRIAN\AppData\Local\Programs\Python\Python36\lib\site-packages\requests\sessions.py", line 555, in post
    return self.request('POST', url, data=data, json=json, **kwargs)
  File "C:\Users\ADRIAN\AppData\Local\Programs\Python\Python36\lib\site-packages\requests\sessions.py", line 508, in request
    resp = self.send(prep, **send_kwargs)
  File "C:\Users\ADRIAN\AppData\Local\Programs\Python\Python36\lib\site-packages\requests\sessions.py", line 618, in send
    r = adapter.send(request, **kwargs)
  File "C:\Users\ADRIAN\AppData\Local\Programs\Python\Python36\lib\site-packages\requests\adapters.py", line 490, in send
    raise ConnectionError(err, request=request)
requests.exceptions.ConnectionError: ('Connection aborted.', TimeoutError(10060, 'Se produjo un error durante el intento de conexin ya que la parte conectada no respondi adecuadamente tras un periodo de tiempo, o bien se produjo un error en la conexin establecida ya que el host conectado no ha podido responder', None, 10060, None))
ERROR:root:Except on like!
Traceback (most recent call last):
  File "C:\Users\ADRIAN\AppData\Local\Programs\Python\Python36\lib\site-packages\urllib3\connection.py", line 141, in _new_conn
    (self.host, self.port), self.timeout, **extra_kw)
  File "C:\Users\ADRIAN\AppData\Local\Programs\Python\Python36\lib\site-packages\urllib3\util\connection.py", line 60, in create_connection
    for res in socket.getaddrinfo(host, port, family, socket.SOCK_STREAM):
  File "C:\Users\ADRIAN\AppData\Local\Programs\Python\Python36\lib\socket.py", line 745, in getaddrinfo
    for res in _socket.getaddrinfo(host, port, family, type, proto, flags):
socket.gaierror: [Errno 11001] getaddrinfo failed

During handling of the above exception, another exception occurred:

Traceback (most recent call last):
  File "C:\Users\ADRIAN\AppData\Local\Programs\Python\Python36\lib\site-packages\urllib3\connectionpool.py", line 601, in urlopen
    chunked=chunked)
  File "C:\Users\ADRIAN\AppData\Local\Programs\Python\Python36\lib\site-packages\urllib3\connectionpool.py", line 346, in _make_request
    self._validate_conn(conn)
  File "C:\Users\ADRIAN\AppData\Local\Programs\Python\Python36\lib\site-packages\urllib3\connectionpool.py", line 850, in _validate_conn
    conn.connect()
  File "C:\Users\ADRIAN\AppData\Local\Programs\Python\Python36\lib\site-packages\urllib3\connection.py", line 284, in connect
    conn = self._new_conn()
  File "C:\Users\ADRIAN\AppData\Local\Programs\Python\Python36\lib\site-packages\urllib3\connection.py", line 150, in _new_conn
    self, "Failed to establish a new connection: %s" % e)
urllib3.exceptions.NewConnectionError: <urllib3.connection.VerifiedHTTPSConnection object at 0x000002B3323992E8>: Failed to establish a new connection: [Errno 11001] getaddrinfo failed

During handling of the above exception, another exception occurred:

Traceback (most recent call last):
  File "C:\Users\ADRIAN\AppData\Local\Programs\Python\Python36\lib\site-packages\requests\adapters.py", line 440, in send
    timeout=timeout
  File "C:\Users\ADRIAN\AppData\Local\Programs\Python\Python36\lib\site-packages\urllib3\connectionpool.py", line 639, in urlopen
    _stacktrace=sys.exc_info()[2])
  File "C:\Users\ADRIAN\AppData\Local\Programs\Python\Python36\lib\site-packages\urllib3\util\retry.py", line 388, in increment
    raise MaxRetryError(_pool, url, error or ResponseError(cause))
urllib3.exceptions.MaxRetryError: HTTPSConnectionPool(host='www.instagram.com', port=443): Max retries exceeded with url: /web/likes/1802945291033272364/like/ (Caused by NewConnectionError('<urllib3.connection.VerifiedHTTPSConnection object at 0x000002B3323992E8>: Failed to establish a new connection: [Errno 11001] getaddrinfo failed',))

During handling of the above exception, another exception occurred:

Traceback (most recent call last):
  File "C:\Users\ADRIAN\Downloads\instabot.py-master\src\instabot.py", line 571, in like
    like = self.s.post(url_likes)
  File "C:\Users\ADRIAN\AppData\Local\Programs\Python\Python36\lib\site-packages\requests\sessions.py", line 555, in post
    return self.request('POST', url, data=data, json=json, **kwargs)
  File "C:\Users\ADRIAN\AppData\Local\Programs\Python\Python36\lib\site-packages\requests\sessions.py", line 508, in request
    resp = self.send(prep, **send_kwargs)
  File "C:\Users\ADRIAN\AppData\Local\Programs\Python\Python36\lib\site-packages\requests\sessions.py", line 618, in send
    r = adapter.send(request, **kwargs)
  File "C:\Users\ADRIAN\AppData\Local\Programs\Python\Python36\lib\site-packages\requests\adapters.py", line 508, in send
    raise ConnectionError(e, request=request)
requests.exceptions.ConnectionError: HTTPSConnectionPool(host='www.instagram.com', port=443): Max retries exceeded with url: /web/likes/1802945291033272364/like/ (Caused by NewConnectionError('<urllib3.connection.VerifiedHTTPSConnection object at 0x000002B3323992E8>: Failed to establish a new connection: [Errno 11001] getaddrinfo failed',))
ERROR:root:Except on like!
Traceback (most recent call last):
  File "C:\Users\ADRIAN\AppData\Local\Programs\Python\Python36\lib\site-packages\urllib3\connection.py", line 141, in _new_conn
    (self.host, self.port), self.timeout, **extra_kw)
  File "C:\Users\ADRIAN\AppData\Local\Programs\Python\Python36\lib\site-packages\urllib3\util\connection.py", line 60, in create_connection
    for res in socket.getaddrinfo(host, port, family, socket.SOCK_STREAM):
  File "C:\Users\ADRIAN\AppData\Local\Programs\Python\Python36\lib\socket.py", line 745, in getaddrinfo
    for res in _socket.getaddrinfo(host, port, family, type, proto, flags):
socket.gaierror: [Errno 11001] getaddrinfo failed

During handling of the above exception, another exception occurred:

Traceback (most recent call last):
  File "C:\Users\ADRIAN\AppData\Local\Programs\Python\Python36\lib\site-packages\urllib3\connectionpool.py", line 601, in urlopen
    chunked=chunked)
  File "C:\Users\ADRIAN\AppData\Local\Programs\Python\Python36\lib\site-packages\urllib3\connectionpool.py", line 346, in _make_request
    self._validate_conn(conn)
  File "C:\Users\ADRIAN\AppData\Local\Programs\Python\Python36\lib\site-packages\urllib3\connectionpool.py", line 850, in _validate_conn
    conn.connect()
  File "C:\Users\ADRIAN\AppData\Local\Programs\Python\Python36\lib\site-packages\urllib3\connection.py", line 284, in connect
    conn = self._new_conn()
  File "C:\Users\ADRIAN\AppData\Local\Programs\Python\Python36\lib\site-packages\urllib3\connection.py", line 150, in _new_conn
    self, "Failed to establish a new connection: %s" % e)
urllib3.exceptions.NewConnectionError: <urllib3.connection.VerifiedHTTPSConnection object at 0x000002B332BE4C50>: Failed to establish a new connection: [Errno 11001] getaddrinfo failed

During handling of the above exception, another exception occurred:

Traceback (most recent call last):
  File "C:\Users\ADRIAN\AppData\Local\Programs\Python\Python36\lib\site-packages\requests\adapters.py", line 440, in send
    timeout=timeout
  File "C:\Users\ADRIAN\AppData\Local\Programs\Python\Python36\lib\site-packages\urllib3\connectionpool.py", line 639, in urlopen
    _stacktrace=sys.exc_info()[2])
  File "C:\Users\ADRIAN\AppData\Local\Programs\Python\Python36\lib\site-packages\urllib3\util\retry.py", line 388, in increment
    raise MaxRetryError(_pool, url, error or ResponseError(cause))
urllib3.exceptions.MaxRetryError: HTTPSConnectionPool(host='www.instagram.com', port=443): Max retries exceeded with url: /web/likes/1802944452382343388/like/ (Caused by NewConnectionError('<urllib3.connection.VerifiedHTTPSConnection object at 0x000002B332BE4C50>: Failed to establish a new connection: [Errno 11001] getaddrinfo failed',))

During handling of the above exception, another exception occurred:

Traceback (most recent call last):
  File "C:\Users\ADRIAN\Downloads\instabot.py-master\src\instabot.py", line 571, in like
    like = self.s.post(url_likes)
  File "C:\Users\ADRIAN\AppData\Local\Programs\Python\Python36\lib\site-packages\requests\sessions.py", line 555, in post
    return self.request('POST', url, data=data, json=json, **kwargs)
  File "C:\Users\ADRIAN\AppData\Local\Programs\Python\Python36\lib\site-packages\requests\sessions.py", line 508, in request
    resp = self.send(prep, **send_kwargs)
  File "C:\Users\ADRIAN\AppData\Local\Programs\Python\Python36\lib\site-packages\requests\sessions.py", line 618, in send
    r = adapter.send(request, **kwargs)
  File "C:\Users\ADRIAN\AppData\Local\Programs\Python\Python36\lib\site-packages\requests\adapters.py", line 508, in send
    raise ConnectionError(e, request=request)
requests.exceptions.ConnectionError: HTTPSConnectionPool(host='www.instagram.com', port=443): Max retries exceeded with url: /web/likes/1802944452382343388/like/ (Caused by NewConnectionError('<urllib3.connection.VerifiedHTTPSConnection object at 0x000002B332BE4C50>: Failed to establish a new connection: [Errno 11001] getaddrinfo failed',))
ERROR:root:Except on like!
Traceback (most recent call last):
  File "C:\Users\ADRIAN\AppData\Local\Programs\Python\Python36\lib\site-packages\urllib3\connection.py", line 141, in _new_conn
    (self.host, self.port), self.timeout, **extra_kw)
  File "C:\Users\ADRIAN\AppData\Local\Programs\Python\Python36\lib\site-packages\urllib3\util\connection.py", line 60, in create_connection
    for res in socket.getaddrinfo(host, port, family, socket.SOCK_STREAM):
  File "C:\Users\ADRIAN\AppData\Local\Programs\Python\Python36\lib\socket.py", line 745, in getaddrinfo
    for res in _socket.getaddrinfo(host, port, family, type, proto, flags):
socket.gaierror: [Errno 11001] getaddrinfo failed

During handling of the above exception, another exception occurred:

Traceback (most recent call last):
  File "C:\Users\ADRIAN\AppData\Local\Programs\Python\Python36\lib\site-packages\urllib3\connectionpool.py", line 601, in urlopen
    chunked=chunked)
  File "C:\Users\ADRIAN\AppData\Local\Programs\Python\Python36\lib\site-packages\urllib3\connectionpool.py", line 346, in _make_request
    self._validate_conn(conn)
  File "C:\Users\ADRIAN\AppData\Local\Programs\Python\Python36\lib\site-packages\urllib3\connectionpool.py", line 850, in _validate_conn
    conn.connect()
  File "C:\Users\ADRIAN\AppData\Local\Programs\Python\Python36\lib\site-packages\urllib3\connection.py", line 284, in connect
    conn = self._new_conn()
  File "C:\Users\ADRIAN\AppData\Local\Programs\Python\Python36\lib\site-packages\urllib3\connection.py", line 150, in _new_conn
    self, "Failed to establish a new connection: %s" % e)
urllib3.exceptions.NewConnectionError: <urllib3.connection.VerifiedHTTPSConnection object at 0x000002B332399F28>: Failed to establish a new connection: [Errno 11001] getaddrinfo failed

During handling of the above exception, another exception occurred:

Traceback (most recent call last):
  File "C:\Users\ADRIAN\AppData\Local\Programs\Python\Python36\lib\site-packages\requests\adapters.py", line 440, in send
    timeout=timeout
  File "C:\Users\ADRIAN\AppData\Local\Programs\Python\Python36\lib\site-packages\urllib3\connectionpool.py", line 639, in urlopen
    _stacktrace=sys.exc_info()[2])
  File "C:\Users\ADRIAN\AppData\Local\Programs\Python\Python36\lib\site-packages\urllib3\util\retry.py", line 388, in increment
    raise MaxRetryError(_pool, url, error or ResponseError(cause))
urllib3.exceptions.MaxRetryError: HTTPSConnectionPool(host='www.instagram.com', port=443): Max retries exceeded with url: /web/likes/1802944316377768074/like/ (Caused by NewConnectionError('<urllib3.connection.VerifiedHTTPSConnection object at 0x000002B332399F28>: Failed to establish a new connection: [Errno 11001] getaddrinfo failed',))

During handling of the above exception, another exception occurred:

Traceback (most recent call last):
  File "C:\Users\ADRIAN\Downloads\instabot.py-master\src\instabot.py", line 571, in like
    like = self.s.post(url_likes)
  File "C:\Users\ADRIAN\AppData\Local\Programs\Python\Python36\lib\site-packages\requests\sessions.py", line 555, in post
    return self.request('POST', url, data=data, json=json, **kwargs)
  File "C:\Users\ADRIAN\AppData\Local\Programs\Python\Python36\lib\site-packages\requests\sessions.py", line 508, in request
    resp = self.send(prep, **send_kwargs)
  File "C:\Users\ADRIAN\AppData\Local\Programs\Python\Python36\lib\site-packages\requests\sessions.py", line 618, in send
    r = adapter.send(request, **kwargs)
  File "C:\Users\ADRIAN\AppData\Local\Programs\Python\Python36\lib\site-packages\requests\adapters.py", line 508, in send
    raise ConnectionError(e, request=request)
requests.exceptions.ConnectionError: HTTPSConnectionPool(host='www.instagram.com', port=443): Max retries exceeded with url: /web/likes/1802944316377768074/like/ (Caused by NewConnectionError('<urllib3.connection.VerifiedHTTPSConnection object at 0x000002B332399F28>: Failed to establish a new connection: [Errno 11001] getaddrinfo failed',))
ERROR:root:Except on like!
Traceback (most recent call last):
  File "C:\Users\ADRIAN\AppData\Local\Programs\Python\Python36\lib\site-packages\urllib3\connection.py", line 141, in _new_conn
    (self.host, self.port), self.timeout, **extra_kw)
  File "C:\Users\ADRIAN\AppData\Local\Programs\Python\Python36\lib\site-packages\urllib3\util\connection.py", line 60, in create_connection
    for res in socket.getaddrinfo(host, port, family, socket.SOCK_STREAM):
  File "C:\Users\ADRIAN\AppData\Local\Programs\Python\Python36\lib\socket.py", line 745, in getaddrinfo
    for res in _socket.getaddrinfo(host, port, family, type, proto, flags):
socket.gaierror: [Errno 11001] getaddrinfo failed

During handling of the above exception, another exception occurred:

Traceback (most recent call last):
  File "C:\Users\ADRIAN\AppData\Local\Programs\Python\Python36\lib\site-packages\urllib3\connectionpool.py", line 601, in urlopen
    chunked=chunked)
  File "C:\Users\ADRIAN\AppData\Local\Programs\Python\Python36\lib\site-packages\urllib3\connectionpool.py", line 346, in _make_request
    self._validate_conn(conn)
  File "C:\Users\ADRIAN\AppData\Local\Programs\Python\Python36\lib\site-packages\urllib3\connectionpool.py", line 850, in _validate_conn
    conn.connect()
  File "C:\Users\ADRIAN\AppData\Local\Programs\Python\Python36\lib\site-packages\urllib3\connection.py", line 284, in connect
    conn = self._new_conn()
  File "C:\Users\ADRIAN\AppData\Local\Programs\Python\Python36\lib\site-packages\urllib3\connection.py", line 150, in _new_conn
    self, "Failed to establish a new connection: %s" % e)
urllib3.exceptions.NewConnectionError: <urllib3.connection.VerifiedHTTPSConnection object at 0x000002B332BE4A20>: Failed to establish a new connection: [Errno 11001] getaddrinfo failed

During handling of the above exception, another exception occurred:

Traceback (most recent call last):
  File "C:\Users\ADRIAN\AppData\Local\Programs\Python\Python36\lib\site-packages\requests\adapters.py", line 440, in send
    timeout=timeout
  File "C:\Users\ADRIAN\AppData\Local\Programs\Python\Python36\lib\site-packages\urllib3\connectionpool.py", line 639, in urlopen
    _stacktrace=sys.exc_info()[2])
  File "C:\Users\ADRIAN\AppData\Local\Programs\Python\Python36\lib\site-packages\urllib3\util\retry.py", line 388, in increment
    raise MaxRetryError(_pool, url, error or ResponseError(cause))
urllib3.exceptions.MaxRetryError: HTTPSConnectionPool(host='www.instagram.com', port=443): Max retries exceeded with url: /web/likes/1802944284702521148/like/ (Caused by NewConnectionError('<urllib3.connection.VerifiedHTTPSConnection object at 0x000002B332BE4A20>: Failed to establish a new connection: [Errno 11001] getaddrinfo failed',))

During handling of the above exception, another exception occurred:

Traceback (most recent call last):
  File "C:\Users\ADRIAN\Downloads\instabot.py-master\src\instabot.py", line 571, in like
    like = self.s.post(url_likes)
  File "C:\Users\ADRIAN\AppData\Local\Programs\Python\Python36\lib\site-packages\requests\sessions.py", line 555, in post
    return self.request('POST', url, data=data, json=json, **kwargs)
  File "C:\Users\ADRIAN\AppData\Local\Programs\Python\Python36\lib\site-packages\requests\sessions.py", line 508, in request
    resp = self.send(prep, **send_kwargs)
  File "C:\Users\ADRIAN\AppData\Local\Programs\Python\Python36\lib\site-packages\requests\sessions.py", line 618, in send
    r = adapter.send(request, **kwargs)
  File "C:\Users\ADRIAN\AppData\Local\Programs\Python\Python36\lib\site-packages\requests\adapters.py", line 508, in send
    raise ConnectionError(e, request=request)
requests.exceptions.ConnectionError: HTTPSConnectionPool(host='www.instagram.com', port=443): Max retries exceeded with url: /web/likes/1802944284702521148/like/ (Caused by NewConnectionError('<urllib3.connection.VerifiedHTTPSConnection object at 0x000002B332BE4A20>: Failed to establish a new connection: [Errno 11001] getaddrinfo failed',))
ERROR:root:Except on like!
Traceback (most recent call last):
  File "C:\Users\ADRIAN\AppData\Local\Programs\Python\Python36\lib\site-packages\urllib3\connection.py", line 141, in _new_conn
    (self.host, self.port), self.timeout, **extra_kw)
  File "C:\Users\ADRIAN\AppData\Local\Programs\Python\Python36\lib\site-packages\urllib3\util\connection.py", line 60, in create_connection
    for res in socket.getaddrinfo(host, port, family, socket.SOCK_STREAM):
  File "C:\Users\ADRIAN\AppData\Local\Programs\Python\Python36\lib\socket.py", line 745, in getaddrinfo
    for res in _socket.getaddrinfo(host, port, family, type, proto, flags):
socket.gaierror: [Errno 11001] getaddrinfo failed

During handling of the above exception, another exception occurred:

Traceback (most recent call last):
  File "C:\Users\ADRIAN\AppData\Local\Programs\Python\Python36\lib\site-packages\urllib3\connectionpool.py", line 601, in urlopen
    chunked=chunked)
  File "C:\Users\ADRIAN\AppData\Local\Programs\Python\Python36\lib\site-packages\urllib3\connectionpool.py", line 346, in _make_request
    self._validate_conn(conn)
  File "C:\Users\ADRIAN\AppData\Local\Programs\Python\Python36\lib\site-packages\urllib3\connectionpool.py", line 850, in _validate_conn
    conn.connect()
  File "C:\Users\ADRIAN\AppData\Local\Programs\Python\Python36\lib\site-packages\urllib3\connection.py", line 284, in connect
    conn = self._new_conn()
  File "C:\Users\ADRIAN\AppData\Local\Programs\Python\Python36\lib\site-packages\urllib3\connection.py", line 150, in _new_conn
    self, "Failed to establish a new connection: %s" % e)
urllib3.exceptions.NewConnectionError: <urllib3.connection.VerifiedHTTPSConnection object at 0x000002B332399128>: Failed to establish a new connection: [Errno 11001] getaddrinfo failed

During handling of the above exception, another exception occurred:

Traceback (most recent call last):
  File "C:\Users\ADRIAN\AppData\Local\Programs\Python\Python36\lib\site-packages\requests\adapters.py", line 440, in send
    timeout=timeout
  File "C:\Users\ADRIAN\AppData\Local\Programs\Python\Python36\lib\site-packages\urllib3\connectionpool.py", line 639, in urlopen
    _stacktrace=sys.exc_info()[2])
  File "C:\Users\ADRIAN\AppData\Local\Programs\Python\Python36\lib\site-packages\urllib3\util\retry.py", line 388, in increment
    raise MaxRetryError(_pool, url, error or ResponseError(cause))
urllib3.exceptions.MaxRetryError: HTTPSConnectionPool(host='www.instagram.com', port=443): Max retries exceeded with url: /web/likes/1802943845149588309/like/ (Caused by NewConnectionError('<urllib3.connection.VerifiedHTTPSConnection object at 0x000002B332399128>: Failed to establish a new connection: [Errno 11001] getaddrinfo failed',))

During handling of the above exception, another exception occurred:

Traceback (most recent call last):
  File "C:\Users\ADRIAN\Downloads\instabot.py-master\src\instabot.py", line 571, in like
    like = self.s.post(url_likes)
  File "C:\Users\ADRIAN\AppData\Local\Programs\Python\Python36\lib\site-packages\requests\sessions.py", line 555, in post
    return self.request('POST', url, data=data, json=json, **kwargs)
  File "C:\Users\ADRIAN\AppData\Local\Programs\Python\Python36\lib\site-packages\requests\sessions.py", line 508, in request
    resp = self.send(prep, **send_kwargs)
  File "C:\Users\ADRIAN\AppData\Local\Programs\Python\Python36\lib\site-packages\requests\sessions.py", line 618, in send
    r = adapter.send(request, **kwargs)
  File "C:\Users\ADRIAN\AppData\Local\Programs\Python\Python36\lib\site-packages\requests\adapters.py", line 508, in send
    raise ConnectionError(e, request=request)
requests.exceptions.ConnectionError: HTTPSConnectionPool(host='www.instagram.com', port=443): Max retries exceeded with url: /web/likes/1802943845149588309/like/ (Caused by NewConnectionError('<urllib3.connection.VerifiedHTTPSConnection object at 0x000002B332399128>: Failed to establish a new connection: [Errno 11001] getaddrinfo failed',))
ERROR:root:Except on like!
Traceback (most recent call last):
  File "C:\Users\ADRIAN\AppData\Local\Programs\Python\Python36\lib\site-packages\urllib3\connection.py", line 141, in _new_conn
    (self.host, self.port), self.timeout, **extra_kw)
  File "C:\Users\ADRIAN\AppData\Local\Programs\Python\Python36\lib\site-packages\urllib3\util\connection.py", line 60, in create_connection
    for res in socket.getaddrinfo(host, port, family, socket.SOCK_STREAM):
  File "C:\Users\ADRIAN\AppData\Local\Programs\Python\Python36\lib\socket.py", line 745, in getaddrinfo
    for res in _socket.getaddrinfo(host, port, family, type, proto, flags):
socket.gaierror: [Errno 11001] getaddrinfo failed

During handling of the above exception, another exception occurred:

Traceback (most recent call last):
  File "C:\Users\ADRIAN\AppData\Local\Programs\Python\Python36\lib\site-packages\urllib3\connectionpool.py", line 601, in urlopen
    chunked=chunked)
  File "C:\Users\ADRIAN\AppData\Local\Programs\Python\Python36\lib\site-packages\urllib3\connectionpool.py", line 346, in _make_request
    self._validate_conn(conn)
  File "C:\Users\ADRIAN\AppData\Local\Programs\Python\Python36\lib\site-packages\urllib3\connectionpool.py", line 850, in _validate_conn
    conn.connect()
  File "C:\Users\ADRIAN\AppData\Local\Programs\Python\Python36\lib\site-packages\urllib3\connection.py", line 284, in connect
    conn = self._new_conn()
  File "C:\Users\ADRIAN\AppData\Local\Programs\Python\Python36\lib\site-packages\urllib3\connection.py", line 150, in _new_conn
    self, "Failed to establish a new connection: %s" % e)
urllib3.exceptions.NewConnectionError: <urllib3.connection.VerifiedHTTPSConnection object at 0x000002B332BE4B38>: Failed to establish a new connection: [Errno 11001] getaddrinfo failed

During handling of the above exception, another exception occurred:

Traceback (most recent call last):
  File "C:\Users\ADRIAN\AppData\Local\Programs\Python\Python36\lib\site-packages\requests\adapters.py", line 440, in send
    timeout=timeout
  File "C:\Users\ADRIAN\AppData\Local\Programs\Python\Python36\lib\site-packages\urllib3\connectionpool.py", line 639, in urlopen
    _stacktrace=sys.exc_info()[2])
  File "C:\Users\ADRIAN\AppData\Local\Programs\Python\Python36\lib\site-packages\urllib3\util\retry.py", line 388, in increment
    raise MaxRetryError(_pool, url, error or ResponseError(cause))
urllib3.exceptions.MaxRetryError: HTTPSConnectionPool(host='www.instagram.com', port=443): Max retries exceeded with url: /web/likes/1802943476384418632/like/ (Caused by NewConnectionError('<urllib3.connection.VerifiedHTTPSConnection object at 0x000002B332BE4B38>: Failed to establish a new connection: [Errno 11001] getaddrinfo failed',))

During handling of the above exception, another exception occurred:

Traceback (most recent call last):
  File "C:\Users\ADRIAN\Downloads\instabot.py-master\src\instabot.py", line 571, in like
    like = self.s.post(url_likes)
  File "C:\Users\ADRIAN\AppData\Local\Programs\Python\Python36\lib\site-packages\requests\sessions.py", line 555, in post
    return self.request('POST', url, data=data, json=json, **kwargs)
  File "C:\Users\ADRIAN\AppData\Local\Programs\Python\Python36\lib\site-packages\requests\sessions.py", line 508, in request
    resp = self.send(prep, **send_kwargs)
  File "C:\Users\ADRIAN\AppData\Local\Programs\Python\Python36\lib\site-packages\requests\sessions.py", line 618, in send
    r = adapter.send(request, **kwargs)
  File "C:\Users\ADRIAN\AppData\Local\Programs\Python\Python36\lib\site-packages\requests\adapters.py", line 508, in send
    raise ConnectionError(e, request=request)
requests.exceptions.ConnectionError: HTTPSConnectionPool(host='www.instagram.com', port=443): Max retries exceeded with url: /web/likes/1802943476384418632/like/ (Caused by NewConnectionError('<urllib3.connection.VerifiedHTTPSConnection object at 0x000002B332BE4B38>: Failed to establish a new connection: [Errno 11001] getaddrinfo failed',))
ERROR:root:Except on auto_unfollow!
Traceback (most recent call last):
  File "C:\Users\ADRIAN\Downloads\instabot.py-master\src\instabot.py", line 869, in auto_unfollow
    all_data = json.loads(re.search('{"activity.+show_app', r.text, re.DOTALL).group(0)+'":""}')['entry_data']['ProfilePage'][0]
AttributeError: 'NoneType' object has no attribute 'group'
ERROR:root:Except on auto_unfollow!
Traceback (most recent call last):
  File "C:\Users\ADRIAN\Downloads\instabot.py-master\src\instabot.py", line 869, in auto_unfollow
    all_data = json.loads(re.search('{"activity.+show_app', r.text, re.DOTALL).group(0)+'":""}')['entry_data']['ProfilePage'][0]
AttributeError: 'NoneType' object has no attribute 'group'
ERROR:root:Except on auto_unfollow!
Traceback (most recent call last):
  File "C:\Users\ADRIAN\Downloads\instabot.py-master\src\instabot.py", line 869, in auto_unfollow
    all_data = json.loads(re.search('{"activity.+show_app', r.text, re.DOTALL).group(0)+'":""}')['entry_data']['ProfilePage'][0]
AttributeError: 'NoneType' object has no attribute 'group'
ERROR:root:Except on auto_unfollow!
Traceback (most recent call last):
  File "C:\Users\ADRIAN\Downloads\instabot.py-master\src\instabot.py", line 888, in auto_unfollow
    all_data = json.loads(re.search('{"activity.+gatekeepers', info.text, re.DOTALL).group(0)+'":""}')['entry_data']['ProfilePage'][0]
NameError: name 'info' is not defined
ERROR:root:Except on auto_unfollow!
Traceback (most recent call last):
  File "C:\Users\ADRIAN\Downloads\instabot.py-master\src\instabot.py", line 888, in auto_unfollow
    all_data = json.loads(re.search('{"activity.+gatekeepers', info.text, re.DOTALL).group(0)+'":""}')['entry_data']['ProfilePage'][0]
NameError: name 'info' is not defined
ERROR:root:Except on auto_unfollow!
Traceback (most recent call last):
  File "C:\Users\ADRIAN\Downloads\instabot.py-master\src\instabot.py", line 888, in auto_unfollow
    all_data = json.loads(re.search('{"activity.+gatekeepers', info.text, re.DOTALL).group(0)+'":""}')['entry_data']['ProfilePage'][0]
NameError: name 'info' is not defined
ERROR:root:Except on auto_unfollow!
Traceback (most recent call last):
  File "C:\Users\ADRIAN\Downloads\instabot.py-master\src\instabot.py", line 888, in auto_unfollow
    all_data = json.loads(re.search('{"activity.+gatekeepers', info.text, re.DOTALL).group(0)+'":""}')['entry_data']['ProfilePage'][0]
NameError: name 'info' is not defined
ERROR:root:Except on auto_unfollow!
Traceback (most recent call last):
  File "C:\Users\ADRIAN\Downloads\instabot.py-master\src\instabot.py", line 888, in auto_unfollow
    all_data = json.loads(re.search('{"activity.+gatekeepers', info.text, re.DOTALL).group(0)+'":""}')['entry_data']['ProfilePage'][0]
NameError: name 'info' is not defined
ERROR:root:Except on auto_unfollow!
Traceback (most recent call last):
  File "C:\Users\ADRIAN\Downloads\instabot.py-master\src\instabot.py", line 888, in auto_unfollow
    all_data = json.loads(re.search('{"activity.+gatekeepers', info.text, re.DOTALL).group(0)+'":""}')['entry_data']['ProfilePage'][0]
NameError: name 'info' is not defined
ERROR:root:Except on auto_unfollow!
Traceback (most recent call last):
  File "C:\Users\ADRIAN\Downloads\instabot.py-master\src\instabot.py", line 888, in auto_unfollow
    all_data = json.loads(re.search('{"activity.+gatekeepers', info.text, re.DOTALL).group(0)+'":""}')['entry_data']['ProfilePage'][0]
NameError: name 'info' is not defined
ERROR:root:Except on auto_unfollow!
Traceback (most recent call last):
  File "C:\Users\ADRIAN\Downloads\instabot.py-master\src\instabot.py", line 888, in auto_unfollow
    all_data = json.loads(re.search('{"activity.+gatekeepers', info.text, re.DOTALL).group(0)+'":""}')['entry_data']['ProfilePage'][0]
NameError: name 'info' is not defined
ERROR:root:Except on auto_unfollow!
Traceback (most recent call last):
  File "C:\Users\ADRIAN\Downloads\instabot.py-master\src\instabot.py", line 888, in auto_unfollow
    all_data = json.loads(re.search('{"activity.+gatekeepers', info.text, re.DOTALL).group(0)+'":""}')['entry_data']['ProfilePage'][0]
NameError: name 'info' is not defined
ERROR:root:Except on auto_unfollow!
Traceback (most recent call last):
  File "C:\Users\ADRIAN\Downloads\instabot.py-master\src\instabot.py", line 888, in auto_unfollow
    all_data = json.loads(re.search('{"activity.+gatekeepers', info.text, re.DOTALL).group(0)+'":""}')['entry_data']['ProfilePage'][0]
NameError: name 'info' is not defined
ERROR:root:Except on auto_unfollow!
Traceback (most recent call last):
  File "C:\Users\ADRIAN\Downloads\instabot.py-master\src\instabot.py", line 888, in auto_unfollow
    all_data = json.loads(re.search('{"activity.+gatekeepers', info.text, re.DOTALL).group(0)+'":""}')['entry_data']['ProfilePage'][0]
NameError: name 'info' is not defined
ERROR:root:Except on auto_unfollow!
Traceback (most recent call last):
  File "C:\Users\ADRIAN\Downloads\instabot.py-master\src\instabot.py", line 888, in auto_unfollow
    all_data = json.loads(re.search('{"activity.+gatekeepers', info.text, re.DOTALL).group(0)+'":""}')['entry_data']['ProfilePage'][0]
NameError: name 'info' is not defined
ERROR:root:Except on auto_unfollow!
Traceback (most recent call last):
  File "C:\Users\ADRIAN\Downloads\instabot.py-master\src\instabot.py", line 888, in auto_unfollow
    all_data = json.loads(re.search('{"activity.+gatekeepers', info.text, re.DOTALL).group(0)+'":""}')['entry_data']['ProfilePage'][0]
NameError: name 'info' is not defined
ERROR:root:Except on auto_unfollow!
Traceback (most recent call last):
  File "C:\Users\ADRIAN\Downloads\instabot.py-master\src\instabot.py", line 888, in auto_unfollow
    all_data = json.loads(re.search('{"activity.+gatekeepers', info.text, re.DOTALL).group(0)+'":""}')['entry_data']['ProfilePage'][0]
NameError: name 'info' is not defined
ERROR:root:Except on auto_unfollow!
Traceback (most recent call last):
  File "C:\Users\ADRIAN\Downloads\instabot.py-master\src\instabot.py", line 888, in auto_unfollow
    all_data = json.loads(re.search('{"activity.+gatekeepers', info.text, re.DOTALL).group(0)+'":""}')['entry_data']['ProfilePage'][0]
NameError: name 'info' is not defined
ERROR:root:Except on auto_unfollow!
Traceback (most recent call last):
  File "C:\Users\ADRIAN\Downloads\instabot.py-master\src\instabot.py", line 888, in auto_unfollow
    all_data = json.loads(re.search('{"activity.+gatekeepers', info.text, re.DOTALL).group(0)+'":""}')['entry_data']['ProfilePage'][0]
NameError: name 'info' is not defined
ERROR:root:Except on auto_unfollow!
Traceback (most recent call last):
  File "C:\Users\ADRIAN\Downloads\instabot.py-master\src\instabot.py", line 888, in auto_unfollow
    all_data = json.loads(re.search('{"activity.+gatekeepers', info.text, re.DOTALL).group(0)+'":""}')['entry_data']['ProfilePage'][0]
NameError: name 'info' is not defined
ERROR:root:Except on auto_unfollow!
Traceback (most recent call last):
  File "C:\Users\ADRIAN\Downloads\instabot.py-master\src\instabot.py", line 888, in auto_unfollow
    all_data = json.loads(re.search('{"activity.+gatekeepers', info.text, re.DOTALL).group(0)+'":""}')['entry_data']['ProfilePage'][0]
NameError: name 'info' is not defined
ERROR:root:Except on auto_unfollow!
Traceback (most recent call last):
  File "C:\Users\ADRIAN\Downloads\instabot.py-master\src\instabot.py", line 888, in auto_unfollow
    all_data = json.loads(re.search('{"activity.+gatekeepers', info.text, re.DOTALL).group(0)+'":""}')['entry_data']['ProfilePage'][0]
NameError: name 'info' is not defined
ERROR:root:Except on auto_unfollow!
Traceback (most recent call last):
  File "C:\Users\ADRIAN\Downloads\instabot.py-master\src\instabot.py", line 888, in auto_unfollow
    all_data = json.loads(re.search('{"activity.+gatekeepers', info.text, re.DOTALL).group(0)+'":""}')['entry_data']['ProfilePage'][0]
NameError: name 'info' is not defined
ERROR:root:Except on auto_unfollow!
Traceback (most recent call last):
  File "C:\Users\ADRIAN\Downloads\instabot.py-master\src\instabot.py", line 888, in auto_unfollow
    all_data = json.loads(re.search('{"activity.+gatekeepers', info.text, re.DOTALL).group(0)+'":""}')['entry_data']['ProfilePage'][0]
NameError: name 'info' is not defined
ERROR:root:Except on auto_unfollow!
Traceback (most recent call last):
  File "C:\Users\ADRIAN\Downloads\instabot.py-master\src\instabot.py", line 888, in auto_unfollow
    all_data = json.loads(re.search('{"activity.+gatekeepers', info.text, re.DOTALL).group(0)+'":""}')['entry_data']['ProfilePage'][0]
NameError: name 'info' is not defined
ERROR:root:Except on auto_unfollow!
Traceback (most recent call last):
  File "C:\Users\ADRIAN\Downloads\instabot.py-master\src\instabot.py", line 888, in auto_unfollow
    all_data = json.loads(re.search('{"activity.+gatekeepers', info.text, re.DOTALL).group(0)+'":""}')['entry_data']['ProfilePage'][0]
NameError: name 'info' is not defined
ERROR:root:Except on auto_unfollow!
Traceback (most recent call last):
  File "C:\Users\ADRIAN\Downloads\instabot.py-master\src\instabot.py", line 888, in auto_unfollow
    all_data = json.loads(re.search('{"activity.+gatekeepers', info.text, re.DOTALL).group(0)+'":""}')['entry_data']['ProfilePage'][0]
NameError: name 'info' is not defined
ERROR:root:Except on auto_unfollow!
Traceback (most recent call last):
  File "C:\Users\ADRIAN\Downloads\instabot.py-master\src\instabot.py", line 888, in auto_unfollow
    all_data = json.loads(re.search('{"activity.+gatekeepers', info.text, re.DOTALL).group(0)+'":""}')['entry_data']['ProfilePage'][0]
NameError: name 'info' is not defined
ERROR:root:Except on auto_unfollow!
Traceback (most recent call last):
  File "C:\Users\ADRIAN\Downloads\instabot.py-master\src\instabot.py", line 888, in auto_unfollow
    all_data = json.loads(re.search('{"activity.+gatekeepers', info.text, re.DOTALL).group(0)+'":""}')['entry_data']['ProfilePage'][0]
NameError: name 'info' is not defined
ERROR:root:Except on auto_unfollow!
Traceback (most recent call last):
  File "C:\Users\ADRIAN\Downloads\instabot.py-master\src\instabot.py", line 888, in auto_unfollow
    all_data = json.loads(re.search('{"activity.+gatekeepers', info.text, re.DOTALL).group(0)+'":""}')['entry_data']['ProfilePage'][0]
NameError: name 'info' is not defined
ERROR:root:Except on auto_unfollow!
Traceback (most recent call last):
  File "C:\Users\ADRIAN\Downloads\instabot.py-master\src\instabot.py", line 888, in auto_unfollow
    all_data = json.loads(re.search('{"activity.+gatekeepers', info.text, re.DOTALL).group(0)+'":""}')['entry_data']['ProfilePage'][0]
NameError: name 'info' is not defined
